[2023-12-07T07:36:39.928+0000] {taskinstance.py:1157} INFO - Dependencies all met for dep_context=non-requeueable deps ti=<TaskInstance: Georgy.loading_max_rating_table manual__2023-12-07T07:36:23.957118+00:00 [queued]>
[2023-12-07T07:36:39.934+0000] {taskinstance.py:1157} INFO - Dependencies all met for dep_context=requeueable deps ti=<TaskInstance: Georgy.loading_max_rating_table manual__2023-12-07T07:36:23.957118+00:00 [queued]>
[2023-12-07T07:36:39.934+0000] {taskinstance.py:1359} INFO - Starting attempt 1 of 1
[2023-12-07T07:36:39.944+0000] {taskinstance.py:1380} INFO - Executing <Task(SnowflakeOperator): loading_max_rating_table> on 2023-12-07 07:36:23.957118+00:00
[2023-12-07T07:36:39.948+0000] {standard_task_runner.py:57} INFO - Started process 90 to run task
[2023-12-07T07:36:39.951+0000] {standard_task_runner.py:84} INFO - Running: ['***', 'tasks', 'run', 'Georgy', 'loading_max_rating_table', 'manual__2023-12-07T07:36:23.957118+00:00', '--job-id', '198', '--raw', '--subdir', 'DAGS_FOLDER/test.py', '--cfg-path', '/tmp/tmpd4n8y2ts']
[2023-12-07T07:36:39.951+0000] {standard_task_runner.py:85} INFO - Job 198: Subtask loading_max_rating_table
[2023-12-07T07:36:39.981+0000] {task_command.py:415} INFO - Running <TaskInstance: Georgy.loading_max_rating_table manual__2023-12-07T07:36:23.957118+00:00 [running]> on host 5e36d60cd939
[2023-12-07T07:36:40.033+0000] {taskinstance.py:1660} INFO - Exporting env vars: AIRFLOW_CTX_DAG_OWNER='Gio' AIRFLOW_CTX_DAG_ID='Georgy' AIRFLOW_CTX_TASK_ID='loading_max_rating_table' AIRFLOW_CTX_EXECUTION_DATE='2023-12-07T07:36:23.957118+00:00' AIRFLOW_CTX_TRY_NUMBER='1' AIRFLOW_CTX_DAG_RUN_ID='manual__2023-12-07T07:36:23.957118+00:00'
[2023-12-07T07:36:40.034+0000] {sql.py:274} INFO - Executing: 
            MERGE INTO TASKS.TASK_1.RATING_TABLE
                USING (
                SELECT YEAR, 
                       MAX(METACRITIC_RATING) AS max_metacritic_rating, 
                       MAX(REVIEWER_RATING) AS max_reviewer_rating
                FROM TASKS.TASK_1.COL_TABLE
                WHERE YEAR IS NOT NULL
                GROUP BY YEAR 
                ) AS src ON RATING_TABLE.YEAR = src.YEAR
                WHEN MATCHED THEN UPDATE 
                                      SET RATING_TABLE.MAX_METACRITIC_RATING = src.MAX_METACRITIC_RATING 
                WHEN NOT MATCHED THEN INSERT (RATING_TABLE.YEAR, RATING_TABLE.MAX_METACRITIC_RATING, RATING_TABLE.MAX_REVIEWER_RATING )
                                      VALUES (src.YEAR, src.MAX_METACRITIC_RATING, src.MAX_REVIEWER_RATING );
        
[2023-12-07T07:36:40.041+0000] {base.py:73} INFO - Using connection ID 'snowflake' for task execution.
[2023-12-07T07:36:40.047+0000] {base.py:73} INFO - Using connection ID 'snowflake' for task execution.
[2023-12-07T07:36:40.048+0000] {connection.py:314} INFO - Snowflake Connector for Python Version: 3.1.1, Python Version: 3.8.18, Platform: Linux-5.15.133.1-microsoft-standard-WSL2-x86_64-with-glibc2.2.5
[2023-12-07T07:36:40.049+0000] {connection.py:1050} INFO - This connection is in OCSP Fail Open Mode. TLS Certificates would be checked for validity and revocation status. Any other Certificate Revocation related exceptions or OCSP Responder failures would be disregarded in favor of connectivity.
[2023-12-07T07:36:40.049+0000] {connection.py:1060} INFO - THIS CONNECTION IS IN INSECURE MODE. IT MEANS THE CERTIFICATE WILL BE VALIDATED BUT THE CERTIFICATE REVOCATION STATUS WILL NOT BE CHECKED.
[2023-12-07T07:36:40.049+0000] {connection.py:1068} INFO - Setting use_openssl_only mode to False
[2023-12-07T07:36:40.150+0000] {ssl_wrap_socket.py:100} INFO - THIS CONNECTION IS IN INSECURE MODE. IT MEANS THE CERTIFICATE WILL BE VALIDATED BUT THE CERTIFICATE REVOCATION STATUS WILL NOT BE CHECKED.
[2023-12-07T07:36:40.272+0000] {cursor.py:804} INFO - query: [ALTER SESSION SET autocommit=False]
[2023-12-07T07:36:40.395+0000] {cursor.py:817} INFO - query execution done
[2023-12-07T07:36:40.396+0000] {cursor.py:959} INFO - Number of results in first chunk: 1
[2023-12-07T07:36:40.397+0000] {sql.py:418} INFO - Running statement: MERGE INTO TASKS.TASK_1.RATING_TABLE
                USING (
                SELECT YEAR, 
                       MAX(METACRITIC_RATING) AS max_metacritic_rating, 
                       MAX(REVIEWER_RATING) AS max_reviewer_rating
                FROM TASKS.TASK_1.COL_TABLE
                WHERE YEAR IS NOT NULL
                GROUP BY YEAR 
                ) AS src ON RATING_TABLE.YEAR = src.YEAR
                WHEN MATCHED THEN UPDATE 
                                      SET RATING_TABLE.MAX_METACRITIC_RATING = src.MAX_METACRITIC_RATING 
                WHEN NOT MATCHED THEN INSERT (RATING_TABLE.YEAR, RATING_TABLE.MAX_METACRITIC_RATING, RATING_TABLE.MAX_REVIEWER_RATING )
                                      VALUES (src.YEAR, src.MAX_METACRITIC_RATING, src.MAX_REVIEWER_RATING );, parameters: None
[2023-12-07T07:36:40.397+0000] {cursor.py:804} INFO - query: [MERGE INTO TASKS.TASK_1.RATING_TABLE USING ( SELECT YEAR, MAX(METACRITIC_RATING)...]
[2023-12-07T07:36:41.226+0000] {cursor.py:817} INFO - query execution done
[2023-12-07T07:36:41.227+0000] {sql.py:427} INFO - Rows affected: 27
[2023-12-07T07:36:41.227+0000] {snowflake.py:427} INFO - Rows affected: 27
[2023-12-07T07:36:41.228+0000] {snowflake.py:428} INFO - Snowflake query id: 01b0d308-0000-c5a1-0001-691a0002804e
[2023-12-07T07:36:41.228+0000] {cursor.py:804} INFO - query: [COMMIT]
[2023-12-07T07:36:41.448+0000] {cursor.py:817} INFO - query execution done
[2023-12-07T07:36:41.448+0000] {cursor.py:959} INFO - Number of results in first chunk: 1
[2023-12-07T07:36:41.448+0000] {connection.py:640} INFO - closed
[2023-12-07T07:36:41.535+0000] {connection.py:646} INFO - No async queries seem to be running, deleting session
[2023-12-07T07:36:41.637+0000] {taskinstance.py:1398} INFO - Marking task as SUCCESS. dag_id=Georgy, task_id=loading_max_rating_table, execution_date=20231207T073623, start_date=20231207T073639, end_date=20231207T073641
[2023-12-07T07:36:41.688+0000] {local_task_job_runner.py:228} INFO - Task exited with return code 0
[2023-12-07T07:36:41.700+0000] {taskinstance.py:2776} INFO - 0 downstream tasks scheduled from follow-on schedule check
