[2023-12-04T10:23:20.851+0000] {taskinstance.py:1157} INFO - Dependencies all met for dep_context=non-requeueable deps ti=<TaskInstance: Georgy.setting_path scheduled__2023-11-30T21:10:00+00:00 [queued]>
[2023-12-04T10:23:20.858+0000] {taskinstance.py:1157} INFO - Dependencies all met for dep_context=requeueable deps ti=<TaskInstance: Georgy.setting_path scheduled__2023-11-30T21:10:00+00:00 [queued]>
[2023-12-04T10:23:20.858+0000] {taskinstance.py:1359} INFO - Starting attempt 1 of 4
[2023-12-04T10:23:20.868+0000] {taskinstance.py:1380} INFO - Executing <Task(BashOperator): setting_path> on 2023-11-30 21:10:00+00:00
[2023-12-04T10:23:20.873+0000] {standard_task_runner.py:57} INFO - Started process 1905 to run task
[2023-12-04T10:23:20.875+0000] {standard_task_runner.py:84} INFO - Running: ['***', 'tasks', 'run', 'Georgy', 'setting_path', 'scheduled__2023-11-30T21:10:00+00:00', '--job-id', '44', '--raw', '--subdir', 'DAGS_FOLDER/test.py', '--cfg-path', '/tmp/tmpe1f3umux']
[2023-12-04T10:23:20.876+0000] {standard_task_runner.py:85} INFO - Job 44: Subtask setting_path
[2023-12-04T10:23:20.910+0000] {task_command.py:415} INFO - Running <TaskInstance: Georgy.setting_path scheduled__2023-11-30T21:10:00+00:00 [running]> on host ed47267dc344
[2023-12-04T10:23:20.961+0000] {taskinstance.py:1660} INFO - Exporting env vars: AIRFLOW_CTX_DAG_OWNER='Gio' AIRFLOW_CTX_DAG_ID='Georgy' AIRFLOW_CTX_TASK_ID='setting_path' AIRFLOW_CTX_EXECUTION_DATE='2023-11-30T21:10:00+00:00' AIRFLOW_CTX_TRY_NUMBER='1' AIRFLOW_CTX_DAG_RUN_ID='scheduled__2023-11-30T21:10:00+00:00'
[2023-12-04T10:23:20.962+0000] {subprocess.py:63} INFO - Tmp dir root location: /tmp
[2023-12-04T10:23:20.963+0000] {subprocess.py:75} INFO - Running command: ['/bin/bash', '-c', 'export PATH=$PATH:/home/$USER/.local/bin']
[2023-12-04T10:23:20.971+0000] {subprocess.py:86} INFO - Output:
[2023-12-04T10:23:20.973+0000] {subprocess.py:97} INFO - Command exited with return code 0
[2023-12-04T10:23:20.991+0000] {taskinstance.py:1398} INFO - Marking task as SUCCESS. dag_id=Georgy, task_id=setting_path, execution_date=20231130T211000, start_date=20231204T102320, end_date=20231204T102320
[2023-12-04T10:23:21.007+0000] {local_task_job_runner.py:228} INFO - Task exited with return code 0
[2023-12-04T10:23:21.028+0000] {taskinstance.py:2776} INFO - 1 downstream tasks scheduled from follow-on schedule check
[2023-12-04T10:32:41.815+0000] {taskinstance.py:1157} INFO - Dependencies all met for dep_context=non-requeueable deps ti=<TaskInstance: Georgy.setting_path scheduled__2023-11-30T21:10:00+00:00 [queued]>
[2023-12-04T10:32:41.822+0000] {taskinstance.py:1157} INFO - Dependencies all met for dep_context=requeueable deps ti=<TaskInstance: Georgy.setting_path scheduled__2023-11-30T21:10:00+00:00 [queued]>
[2023-12-04T10:32:41.822+0000] {taskinstance.py:1359} INFO - Starting attempt 1 of 4
[2023-12-04T10:32:41.833+0000] {taskinstance.py:1380} INFO - Executing <Task(BashOperator): setting_path> on 2023-11-30 21:10:00+00:00
[2023-12-04T10:32:41.838+0000] {standard_task_runner.py:57} INFO - Started process 2137 to run task
[2023-12-04T10:32:41.840+0000] {standard_task_runner.py:84} INFO - Running: ['***', 'tasks', 'run', 'Georgy', 'setting_path', 'scheduled__2023-11-30T21:10:00+00:00', '--job-id', '60', '--raw', '--subdir', 'DAGS_FOLDER/test.py', '--cfg-path', '/tmp/tmpqjc4_ug1']
[2023-12-04T10:32:41.841+0000] {standard_task_runner.py:85} INFO - Job 60: Subtask setting_path
[2023-12-04T10:32:41.874+0000] {task_command.py:415} INFO - Running <TaskInstance: Georgy.setting_path scheduled__2023-11-30T21:10:00+00:00 [running]> on host ed47267dc344
[2023-12-04T10:32:41.925+0000] {taskinstance.py:1660} INFO - Exporting env vars: AIRFLOW_CTX_DAG_OWNER='Gio' AIRFLOW_CTX_DAG_ID='Georgy' AIRFLOW_CTX_TASK_ID='setting_path' AIRFLOW_CTX_EXECUTION_DATE='2023-11-30T21:10:00+00:00' AIRFLOW_CTX_TRY_NUMBER='1' AIRFLOW_CTX_DAG_RUN_ID='scheduled__2023-11-30T21:10:00+00:00'
[2023-12-04T10:32:41.926+0000] {subprocess.py:63} INFO - Tmp dir root location: /tmp
[2023-12-04T10:32:41.927+0000] {subprocess.py:75} INFO - Running command: ['/bin/bash', '-c', 'export PATH=$PATH:/home/$USER/.local/bin']
[2023-12-04T10:32:41.936+0000] {subprocess.py:86} INFO - Output:
[2023-12-04T10:32:41.937+0000] {subprocess.py:97} INFO - Command exited with return code 0
[2023-12-04T10:32:41.956+0000] {taskinstance.py:1398} INFO - Marking task as SUCCESS. dag_id=Georgy, task_id=setting_path, execution_date=20231130T211000, start_date=20231204T103241, end_date=20231204T103241
[2023-12-04T10:32:41.972+0000] {local_task_job_runner.py:228} INFO - Task exited with return code 0
[2023-12-04T10:32:41.994+0000] {taskinstance.py:2776} INFO - 1 downstream tasks scheduled from follow-on schedule check
[2023-12-04T10:35:06.048+0000] {taskinstance.py:1157} INFO - Dependencies all met for dep_context=non-requeueable deps ti=<TaskInstance: Georgy.setting_path scheduled__2023-11-30T21:10:00+00:00 [queued]>
[2023-12-04T10:35:06.054+0000] {taskinstance.py:1157} INFO - Dependencies all met for dep_context=requeueable deps ti=<TaskInstance: Georgy.setting_path scheduled__2023-11-30T21:10:00+00:00 [queued]>
[2023-12-04T10:35:06.055+0000] {taskinstance.py:1359} INFO - Starting attempt 1 of 4
[2023-12-04T10:35:06.064+0000] {taskinstance.py:1380} INFO - Executing <Task(BashOperator): setting_path> on 2023-11-30 21:10:00+00:00
[2023-12-04T10:35:06.068+0000] {standard_task_runner.py:57} INFO - Started process 2200 to run task
[2023-12-04T10:35:06.070+0000] {standard_task_runner.py:84} INFO - Running: ['***', 'tasks', 'run', 'Georgy', 'setting_path', 'scheduled__2023-11-30T21:10:00+00:00', '--job-id', '64', '--raw', '--subdir', 'DAGS_FOLDER/test.py', '--cfg-path', '/tmp/tmphvmz2x8z']
[2023-12-04T10:35:06.071+0000] {standard_task_runner.py:85} INFO - Job 64: Subtask setting_path
[2023-12-04T10:35:06.104+0000] {task_command.py:415} INFO - Running <TaskInstance: Georgy.setting_path scheduled__2023-11-30T21:10:00+00:00 [running]> on host ed47267dc344
[2023-12-04T10:35:06.159+0000] {taskinstance.py:1660} INFO - Exporting env vars: AIRFLOW_CTX_DAG_OWNER='Gio' AIRFLOW_CTX_DAG_ID='Georgy' AIRFLOW_CTX_TASK_ID='setting_path' AIRFLOW_CTX_EXECUTION_DATE='2023-11-30T21:10:00+00:00' AIRFLOW_CTX_TRY_NUMBER='1' AIRFLOW_CTX_DAG_RUN_ID='scheduled__2023-11-30T21:10:00+00:00'
[2023-12-04T10:35:06.161+0000] {subprocess.py:63} INFO - Tmp dir root location: /tmp
[2023-12-04T10:35:06.161+0000] {subprocess.py:75} INFO - Running command: ['/bin/bash', '-c', 'export PATH=$PATH:/home/$USER/.local/bin']
[2023-12-04T10:35:06.171+0000] {subprocess.py:86} INFO - Output:
[2023-12-04T10:35:06.172+0000] {subprocess.py:97} INFO - Command exited with return code 0
[2023-12-04T10:35:06.190+0000] {taskinstance.py:1398} INFO - Marking task as SUCCESS. dag_id=Georgy, task_id=setting_path, execution_date=20231130T211000, start_date=20231204T103506, end_date=20231204T103506
[2023-12-04T10:35:06.242+0000] {local_task_job_runner.py:228} INFO - Task exited with return code 0
[2023-12-04T10:35:06.263+0000] {taskinstance.py:2776} INFO - 1 downstream tasks scheduled from follow-on schedule check
[2023-12-04T10:39:20.978+0000] {taskinstance.py:1157} INFO - Dependencies all met for dep_context=non-requeueable deps ti=<TaskInstance: Georgy.setting_path scheduled__2023-11-30T21:10:00+00:00 [queued]>
[2023-12-04T10:39:20.984+0000] {taskinstance.py:1157} INFO - Dependencies all met for dep_context=requeueable deps ti=<TaskInstance: Georgy.setting_path scheduled__2023-11-30T21:10:00+00:00 [queued]>
[2023-12-04T10:39:20.984+0000] {taskinstance.py:1359} INFO - Starting attempt 1 of 4
[2023-12-04T10:39:20.995+0000] {taskinstance.py:1380} INFO - Executing <Task(BashOperator): setting_path> on 2023-11-30 21:10:00+00:00
[2023-12-04T10:39:20.999+0000] {standard_task_runner.py:57} INFO - Started process 2288 to run task
[2023-12-04T10:39:21.001+0000] {standard_task_runner.py:84} INFO - Running: ['***', 'tasks', 'run', 'Georgy', 'setting_path', 'scheduled__2023-11-30T21:10:00+00:00', '--job-id', '68', '--raw', '--subdir', 'DAGS_FOLDER/test.py', '--cfg-path', '/tmp/tmpzcgim3k5']
[2023-12-04T10:39:21.002+0000] {standard_task_runner.py:85} INFO - Job 68: Subtask setting_path
[2023-12-04T10:39:21.038+0000] {task_command.py:415} INFO - Running <TaskInstance: Georgy.setting_path scheduled__2023-11-30T21:10:00+00:00 [running]> on host ed47267dc344
[2023-12-04T10:39:21.089+0000] {taskinstance.py:1660} INFO - Exporting env vars: AIRFLOW_CTX_DAG_OWNER='Gio' AIRFLOW_CTX_DAG_ID='Georgy' AIRFLOW_CTX_TASK_ID='setting_path' AIRFLOW_CTX_EXECUTION_DATE='2023-11-30T21:10:00+00:00' AIRFLOW_CTX_TRY_NUMBER='1' AIRFLOW_CTX_DAG_RUN_ID='scheduled__2023-11-30T21:10:00+00:00'
[2023-12-04T10:39:21.090+0000] {subprocess.py:63} INFO - Tmp dir root location: /tmp
[2023-12-04T10:39:21.091+0000] {subprocess.py:75} INFO - Running command: ['/bin/bash', '-c', 'export PATH=$PATH:/home/$USER/.local/bin >> /dev/null 2>&1']
[2023-12-04T10:39:21.103+0000] {subprocess.py:86} INFO - Output:
[2023-12-04T10:39:21.106+0000] {subprocess.py:97} INFO - Command exited with return code 0
[2023-12-04T10:39:21.127+0000] {taskinstance.py:1398} INFO - Marking task as SUCCESS. dag_id=Georgy, task_id=setting_path, execution_date=20231130T211000, start_date=20231204T103920, end_date=20231204T103921
[2023-12-04T10:39:21.174+0000] {local_task_job_runner.py:228} INFO - Task exited with return code 0
[2023-12-04T10:39:21.200+0000] {taskinstance.py:2776} INFO - 1 downstream tasks scheduled from follow-on schedule check
[2023-12-04T10:41:21.871+0000] {taskinstance.py:1157} INFO - Dependencies all met for dep_context=non-requeueable deps ti=<TaskInstance: Georgy.setting_path scheduled__2023-11-30T21:10:00+00:00 [queued]>
[2023-12-04T10:41:21.877+0000] {taskinstance.py:1157} INFO - Dependencies all met for dep_context=requeueable deps ti=<TaskInstance: Georgy.setting_path scheduled__2023-11-30T21:10:00+00:00 [queued]>
[2023-12-04T10:41:21.878+0000] {taskinstance.py:1359} INFO - Starting attempt 1 of 4
[2023-12-04T10:41:21.887+0000] {taskinstance.py:1380} INFO - Executing <Task(BashOperator): setting_path> on 2023-11-30 21:10:00+00:00
[2023-12-04T10:41:21.892+0000] {standard_task_runner.py:57} INFO - Started process 2343 to run task
[2023-12-04T10:41:21.894+0000] {standard_task_runner.py:84} INFO - Running: ['***', 'tasks', 'run', 'Georgy', 'setting_path', 'scheduled__2023-11-30T21:10:00+00:00', '--job-id', '72', '--raw', '--subdir', 'DAGS_FOLDER/test.py', '--cfg-path', '/tmp/tmppjqkqajc']
[2023-12-04T10:41:21.895+0000] {standard_task_runner.py:85} INFO - Job 72: Subtask setting_path
[2023-12-04T10:41:21.930+0000] {task_command.py:415} INFO - Running <TaskInstance: Georgy.setting_path scheduled__2023-11-30T21:10:00+00:00 [running]> on host ed47267dc344
[2023-12-04T10:41:21.988+0000] {taskinstance.py:1660} INFO - Exporting env vars: AIRFLOW_CTX_DAG_OWNER='Gio' AIRFLOW_CTX_DAG_ID='Georgy' AIRFLOW_CTX_TASK_ID='setting_path' AIRFLOW_CTX_EXECUTION_DATE='2023-11-30T21:10:00+00:00' AIRFLOW_CTX_TRY_NUMBER='1' AIRFLOW_CTX_DAG_RUN_ID='scheduled__2023-11-30T21:10:00+00:00'
[2023-12-04T10:41:21.989+0000] {subprocess.py:63} INFO - Tmp dir root location: /tmp
[2023-12-04T10:41:21.990+0000] {subprocess.py:75} INFO - Running command: ['/bin/bash', '-c', 'export PATH=$PATH:/home/$USER/.local/bin >> /dev/null 2>&1']
[2023-12-04T10:41:22.001+0000] {subprocess.py:86} INFO - Output:
[2023-12-04T10:41:22.003+0000] {subprocess.py:97} INFO - Command exited with return code 0
[2023-12-04T10:41:22.023+0000] {taskinstance.py:1398} INFO - Marking task as SUCCESS. dag_id=Georgy, task_id=setting_path, execution_date=20231130T211000, start_date=20231204T104121, end_date=20231204T104122
[2023-12-04T10:41:22.067+0000] {local_task_job_runner.py:228} INFO - Task exited with return code 0
[2023-12-04T10:41:22.090+0000] {taskinstance.py:2776} INFO - 1 downstream tasks scheduled from follow-on schedule check
[2023-12-04T10:50:31.212+0000] {taskinstance.py:1157} INFO - Dependencies all met for dep_context=non-requeueable deps ti=<TaskInstance: Georgy.setting_path scheduled__2023-11-30T21:10:00+00:00 [queued]>
[2023-12-04T10:50:31.219+0000] {taskinstance.py:1157} INFO - Dependencies all met for dep_context=requeueable deps ti=<TaskInstance: Georgy.setting_path scheduled__2023-11-30T21:10:00+00:00 [queued]>
[2023-12-04T10:50:31.219+0000] {taskinstance.py:1359} INFO - Starting attempt 1 of 4
[2023-12-04T10:50:31.228+0000] {taskinstance.py:1380} INFO - Executing <Task(BashOperator): setting_path> on 2023-11-30 21:10:00+00:00
[2023-12-04T10:50:31.234+0000] {standard_task_runner.py:57} INFO - Started process 2504 to run task
[2023-12-04T10:50:31.236+0000] {standard_task_runner.py:84} INFO - Running: ['***', 'tasks', 'run', 'Georgy', 'setting_path', 'scheduled__2023-11-30T21:10:00+00:00', '--job-id', '76', '--raw', '--subdir', 'DAGS_FOLDER/test.py', '--cfg-path', '/tmp/tmp2389mq3p']
[2023-12-04T10:50:31.237+0000] {standard_task_runner.py:85} INFO - Job 76: Subtask setting_path
[2023-12-04T10:50:31.272+0000] {task_command.py:415} INFO - Running <TaskInstance: Georgy.setting_path scheduled__2023-11-30T21:10:00+00:00 [running]> on host ed47267dc344
[2023-12-04T10:50:31.321+0000] {taskinstance.py:1660} INFO - Exporting env vars: AIRFLOW_CTX_DAG_OWNER='Gio' AIRFLOW_CTX_DAG_ID='Georgy' AIRFLOW_CTX_TASK_ID='setting_path' AIRFLOW_CTX_EXECUTION_DATE='2023-11-30T21:10:00+00:00' AIRFLOW_CTX_TRY_NUMBER='1' AIRFLOW_CTX_DAG_RUN_ID='scheduled__2023-11-30T21:10:00+00:00'
[2023-12-04T10:50:31.322+0000] {subprocess.py:63} INFO - Tmp dir root location: /tmp
[2023-12-04T10:50:31.323+0000] {subprocess.py:75} INFO - Running command: ['/bin/bash', '-c', 'export PATH=$PATH:/home/$USER/.local/bin >> /dev/null 2>&1']
[2023-12-04T10:50:31.333+0000] {subprocess.py:86} INFO - Output:
[2023-12-04T10:50:31.334+0000] {subprocess.py:97} INFO - Command exited with return code 0
[2023-12-04T10:50:31.352+0000] {taskinstance.py:1398} INFO - Marking task as SUCCESS. dag_id=Georgy, task_id=setting_path, execution_date=20231130T211000, start_date=20231204T105031, end_date=20231204T105031
[2023-12-04T10:50:31.368+0000] {local_task_job_runner.py:228} INFO - Task exited with return code 0
[2023-12-04T10:50:31.391+0000] {taskinstance.py:2776} INFO - 0 downstream tasks scheduled from follow-on schedule check
[2023-12-04T10:53:19.498+0000] {taskinstance.py:1157} INFO - Dependencies all met for dep_context=non-requeueable deps ti=<TaskInstance: Georgy.setting_path scheduled__2023-11-30T21:10:00+00:00 [queued]>
[2023-12-04T10:53:19.504+0000] {taskinstance.py:1157} INFO - Dependencies all met for dep_context=requeueable deps ti=<TaskInstance: Georgy.setting_path scheduled__2023-11-30T21:10:00+00:00 [queued]>
[2023-12-04T10:53:19.504+0000] {taskinstance.py:1359} INFO - Starting attempt 1 of 4
[2023-12-04T10:53:19.513+0000] {taskinstance.py:1380} INFO - Executing <Task(BashOperator): setting_path> on 2023-11-30 21:10:00+00:00
[2023-12-04T10:53:19.518+0000] {standard_task_runner.py:57} INFO - Started process 2577 to run task
[2023-12-04T10:53:19.521+0000] {standard_task_runner.py:84} INFO - Running: ['***', 'tasks', 'run', 'Georgy', 'setting_path', 'scheduled__2023-11-30T21:10:00+00:00', '--job-id', '80', '--raw', '--subdir', 'DAGS_FOLDER/test.py', '--cfg-path', '/tmp/tmpo8b9qisx']
[2023-12-04T10:53:19.521+0000] {standard_task_runner.py:85} INFO - Job 80: Subtask setting_path
[2023-12-04T10:53:19.556+0000] {task_command.py:415} INFO - Running <TaskInstance: Georgy.setting_path scheduled__2023-11-30T21:10:00+00:00 [running]> on host ed47267dc344
[2023-12-04T10:53:19.607+0000] {taskinstance.py:1660} INFO - Exporting env vars: AIRFLOW_CTX_DAG_OWNER='Gio' AIRFLOW_CTX_DAG_ID='Georgy' AIRFLOW_CTX_TASK_ID='setting_path' AIRFLOW_CTX_EXECUTION_DATE='2023-11-30T21:10:00+00:00' AIRFLOW_CTX_TRY_NUMBER='1' AIRFLOW_CTX_DAG_RUN_ID='scheduled__2023-11-30T21:10:00+00:00'
[2023-12-04T10:53:19.608+0000] {subprocess.py:63} INFO - Tmp dir root location: /tmp
[2023-12-04T10:53:19.609+0000] {subprocess.py:75} INFO - Running command: ['/bin/bash', '-c', 'export PATH=$PATH:/home/$USER/.local/bin']
[2023-12-04T10:53:19.618+0000] {subprocess.py:86} INFO - Output:
[2023-12-04T10:53:19.619+0000] {subprocess.py:97} INFO - Command exited with return code 0
[2023-12-04T10:53:19.637+0000] {taskinstance.py:1398} INFO - Marking task as SUCCESS. dag_id=Georgy, task_id=setting_path, execution_date=20231130T211000, start_date=20231204T105319, end_date=20231204T105319
[2023-12-04T10:53:19.652+0000] {local_task_job_runner.py:228} INFO - Task exited with return code 0
[2023-12-04T10:53:19.675+0000] {taskinstance.py:2776} INFO - 1 downstream tasks scheduled from follow-on schedule check
[2023-12-04T11:02:33.026+0000] {taskinstance.py:1157} INFO - Dependencies all met for dep_context=non-requeueable deps ti=<TaskInstance: Georgy.setting_path scheduled__2023-11-30T21:10:00+00:00 [queued]>
[2023-12-04T11:02:33.032+0000] {taskinstance.py:1157} INFO - Dependencies all met for dep_context=requeueable deps ti=<TaskInstance: Georgy.setting_path scheduled__2023-11-30T21:10:00+00:00 [queued]>
[2023-12-04T11:02:33.033+0000] {taskinstance.py:1359} INFO - Starting attempt 1 of 4
[2023-12-04T11:02:33.042+0000] {taskinstance.py:1380} INFO - Executing <Task(BashOperator): setting_path> on 2023-11-30 21:10:00+00:00
[2023-12-04T11:02:33.046+0000] {standard_task_runner.py:57} INFO - Started process 2736 to run task
[2023-12-04T11:02:33.048+0000] {standard_task_runner.py:84} INFO - Running: ['***', 'tasks', 'run', 'Georgy', 'setting_path', 'scheduled__2023-11-30T21:10:00+00:00', '--job-id', '84', '--raw', '--subdir', 'DAGS_FOLDER/test.py', '--cfg-path', '/tmp/tmpt5zqx7cr']
[2023-12-04T11:02:33.049+0000] {standard_task_runner.py:85} INFO - Job 84: Subtask setting_path
[2023-12-04T11:02:33.082+0000] {task_command.py:415} INFO - Running <TaskInstance: Georgy.setting_path scheduled__2023-11-30T21:10:00+00:00 [running]> on host ed47267dc344
[2023-12-04T11:02:33.131+0000] {taskinstance.py:1660} INFO - Exporting env vars: AIRFLOW_CTX_DAG_OWNER='Gio' AIRFLOW_CTX_DAG_ID='Georgy' AIRFLOW_CTX_TASK_ID='setting_path' AIRFLOW_CTX_EXECUTION_DATE='2023-11-30T21:10:00+00:00' AIRFLOW_CTX_TRY_NUMBER='1' AIRFLOW_CTX_DAG_RUN_ID='scheduled__2023-11-30T21:10:00+00:00'
[2023-12-04T11:02:33.133+0000] {subprocess.py:63} INFO - Tmp dir root location: /tmp
[2023-12-04T11:02:33.134+0000] {subprocess.py:75} INFO - Running command: ['/bin/bash', '-c', 'export PATH=$PATH:/home/$USER/.local/bin']
[2023-12-04T11:02:33.143+0000] {subprocess.py:86} INFO - Output:
[2023-12-04T11:02:33.144+0000] {subprocess.py:97} INFO - Command exited with return code 0
[2023-12-04T11:02:33.162+0000] {taskinstance.py:1398} INFO - Marking task as SUCCESS. dag_id=Georgy, task_id=setting_path, execution_date=20231130T211000, start_date=20231204T110233, end_date=20231204T110233
[2023-12-04T11:02:33.180+0000] {local_task_job_runner.py:228} INFO - Task exited with return code 0
[2023-12-04T11:02:33.201+0000] {taskinstance.py:2776} INFO - 1 downstream tasks scheduled from follow-on schedule check
[2023-12-04T11:05:23.773+0000] {taskinstance.py:1157} INFO - Dependencies all met for dep_context=non-requeueable deps ti=<TaskInstance: Georgy.setting_path scheduled__2023-11-30T21:10:00+00:00 [queued]>
[2023-12-04T11:05:23.780+0000] {taskinstance.py:1157} INFO - Dependencies all met for dep_context=requeueable deps ti=<TaskInstance: Georgy.setting_path scheduled__2023-11-30T21:10:00+00:00 [queued]>
[2023-12-04T11:05:23.780+0000] {taskinstance.py:1359} INFO - Starting attempt 1 of 4
[2023-12-04T11:05:23.789+0000] {taskinstance.py:1380} INFO - Executing <Task(BashOperator): setting_path> on 2023-11-30 21:10:00+00:00
[2023-12-04T11:05:23.794+0000] {standard_task_runner.py:57} INFO - Started process 2808 to run task
[2023-12-04T11:05:23.796+0000] {standard_task_runner.py:84} INFO - Running: ['***', 'tasks', 'run', 'Georgy', 'setting_path', 'scheduled__2023-11-30T21:10:00+00:00', '--job-id', '88', '--raw', '--subdir', 'DAGS_FOLDER/test.py', '--cfg-path', '/tmp/tmpczz7fq94']
[2023-12-04T11:05:23.797+0000] {standard_task_runner.py:85} INFO - Job 88: Subtask setting_path
[2023-12-04T11:05:23.831+0000] {task_command.py:415} INFO - Running <TaskInstance: Georgy.setting_path scheduled__2023-11-30T21:10:00+00:00 [running]> on host ed47267dc344
[2023-12-04T11:05:23.881+0000] {taskinstance.py:1660} INFO - Exporting env vars: AIRFLOW_CTX_DAG_OWNER='Gio' AIRFLOW_CTX_DAG_ID='Georgy' AIRFLOW_CTX_TASK_ID='setting_path' AIRFLOW_CTX_EXECUTION_DATE='2023-11-30T21:10:00+00:00' AIRFLOW_CTX_TRY_NUMBER='1' AIRFLOW_CTX_DAG_RUN_ID='scheduled__2023-11-30T21:10:00+00:00'
[2023-12-04T11:05:23.882+0000] {subprocess.py:63} INFO - Tmp dir root location: /tmp
[2023-12-04T11:05:23.883+0000] {subprocess.py:75} INFO - Running command: ['/bin/bash', '-c', 'export PATH=$PATH:/home/$USER/.local/bin']
[2023-12-04T11:05:23.891+0000] {subprocess.py:86} INFO - Output:
[2023-12-04T11:05:23.892+0000] {subprocess.py:97} INFO - Command exited with return code 0
[2023-12-04T11:05:23.910+0000] {taskinstance.py:1398} INFO - Marking task as SUCCESS. dag_id=Georgy, task_id=setting_path, execution_date=20231130T211000, start_date=20231204T110523, end_date=20231204T110523
[2023-12-04T11:05:23.928+0000] {local_task_job_runner.py:228} INFO - Task exited with return code 0
[2023-12-04T11:05:23.949+0000] {taskinstance.py:2776} INFO - 1 downstream tasks scheduled from follow-on schedule check
