[2023-12-05T08:13:22.882+0000] {taskinstance.py:1157} INFO - Dependencies all met for dep_context=non-requeueable deps ti=<TaskInstance: Georgy.creating_max_rating_table manual__2023-12-05T08:13:09.122054+00:00 [queued]>
[2023-12-05T08:13:22.888+0000] {taskinstance.py:1157} INFO - Dependencies all met for dep_context=requeueable deps ti=<TaskInstance: Georgy.creating_max_rating_table manual__2023-12-05T08:13:09.122054+00:00 [queued]>
[2023-12-05T08:13:22.888+0000] {taskinstance.py:1359} INFO - Starting attempt 1 of 1
[2023-12-05T08:13:22.898+0000] {taskinstance.py:1380} INFO - Executing <Task(SnowflakeOperator): creating_max_rating_table> on 2023-12-05 08:13:09.122054+00:00
[2023-12-05T08:13:22.902+0000] {standard_task_runner.py:57} INFO - Started process 82 to run task
[2023-12-05T08:13:22.905+0000] {standard_task_runner.py:84} INFO - Running: ['***', 'tasks', 'run', 'Georgy', 'creating_max_rating_table', 'manual__2023-12-05T08:13:09.122054+00:00', '--job-id', '183', '--raw', '--subdir', 'DAGS_FOLDER/test.py', '--cfg-path', '/tmp/tmp3tr36i26']
[2023-12-05T08:13:22.906+0000] {standard_task_runner.py:85} INFO - Job 183: Subtask creating_max_rating_table
[2023-12-05T08:13:22.939+0000] {task_command.py:415} INFO - Running <TaskInstance: Georgy.creating_max_rating_table manual__2023-12-05T08:13:09.122054+00:00 [running]> on host 176f381b049c
[2023-12-05T08:13:22.993+0000] {taskinstance.py:1660} INFO - Exporting env vars: AIRFLOW_CTX_DAG_OWNER='Gio' AIRFLOW_CTX_DAG_ID='Georgy' AIRFLOW_CTX_TASK_ID='creating_max_rating_table' AIRFLOW_CTX_EXECUTION_DATE='2023-12-05T08:13:09.122054+00:00' AIRFLOW_CTX_TRY_NUMBER='1' AIRFLOW_CTX_DAG_RUN_ID='manual__2023-12-05T08:13:09.122054+00:00'
[2023-12-05T08:13:22.995+0000] {sql.py:274} INFO - Executing: 
            CREATE OR REPLACE TABLE TASKS.PUBLIC.task1_max_rating AS
            SELECT year, MAX(METACRITIC_RATING) AS max_metacritic_rating , MAX(REVIEWER_RATING) AS max_reviewer_rating
            FROM tasks.public.col_table
            GROUP BY year
            ORDER BY year DESC
[2023-12-05T08:13:23.003+0000] {base.py:73} INFO - Using connection ID 'snowflake' for task execution.
[2023-12-05T08:13:23.010+0000] {base.py:73} INFO - Using connection ID 'snowflake' for task execution.
[2023-12-05T08:13:23.011+0000] {connection.py:314} INFO - Snowflake Connector for Python Version: 3.1.1, Python Version: 3.8.18, Platform: Linux-5.15.133.1-microsoft-standard-WSL2-x86_64-with-glibc2.2.5
[2023-12-05T08:13:23.011+0000] {connection.py:1050} INFO - This connection is in OCSP Fail Open Mode. TLS Certificates would be checked for validity and revocation status. Any other Certificate Revocation related exceptions or OCSP Responder failures would be disregarded in favor of connectivity.
[2023-12-05T08:13:23.012+0000] {connection.py:1060} INFO - THIS CONNECTION IS IN INSECURE MODE. IT MEANS THE CERTIFICATE WILL BE VALIDATED BUT THE CERTIFICATE REVOCATION STATUS WILL NOT BE CHECKED.
[2023-12-05T08:13:23.012+0000] {connection.py:1068} INFO - Setting use_openssl_only mode to False
[2023-12-05T08:13:23.114+0000] {ssl_wrap_socket.py:100} INFO - THIS CONNECTION IS IN INSECURE MODE. IT MEANS THE CERTIFICATE WILL BE VALIDATED BUT THE CERTIFICATE REVOCATION STATUS WILL NOT BE CHECKED.
[2023-12-05T08:13:23.380+0000] {cursor.py:804} INFO - query: [ALTER SESSION SET autocommit=False]
[2023-12-05T08:13:23.485+0000] {cursor.py:817} INFO - query execution done
[2023-12-05T08:13:23.486+0000] {cursor.py:959} INFO - Number of results in first chunk: 1
[2023-12-05T08:13:23.486+0000] {sql.py:418} INFO - Running statement: CREATE OR REPLACE TABLE TASKS.PUBLIC.task1_max_rating AS
            SELECT year, MAX(METACRITIC_RATING) AS max_metacritic_rating , MAX(REVIEWER_RATING) AS max_reviewer_rating
            FROM tasks.public.col_table
            GROUP BY year
            ORDER BY year DESC, parameters: None
[2023-12-05T08:13:23.487+0000] {cursor.py:804} INFO - query: [CREATE OR REPLACE TABLE TASKS.PUBLIC.task1_max_rating AS SELECT year, MAX(METACR...]
[2023-12-05T08:13:24.153+0000] {cursor.py:817} INFO - query execution done
[2023-12-05T08:13:24.154+0000] {cursor.py:959} INFO - Number of results in first chunk: 1
[2023-12-05T08:13:24.154+0000] {sql.py:427} INFO - Rows affected: 1
[2023-12-05T08:13:24.154+0000] {snowflake.py:427} INFO - Rows affected: 1
[2023-12-05T08:13:24.155+0000] {snowflake.py:428} INFO - Snowflake query id: 01b0c7ed-0000-c437-0001-691a0001c1b6
[2023-12-05T08:13:24.155+0000] {cursor.py:804} INFO - query: [COMMIT]
[2023-12-05T08:13:24.250+0000] {cursor.py:817} INFO - query execution done
[2023-12-05T08:13:24.250+0000] {cursor.py:959} INFO - Number of results in first chunk: 1
[2023-12-05T08:13:24.251+0000] {connection.py:640} INFO - closed
[2023-12-05T08:13:24.338+0000] {connection.py:646} INFO - No async queries seem to be running, deleting session
[2023-12-05T08:13:24.445+0000] {taskinstance.py:1398} INFO - Marking task as SUCCESS. dag_id=Georgy, task_id=creating_max_rating_table, execution_date=20231205T081309, start_date=20231205T081322, end_date=20231205T081324
[2023-12-05T08:13:24.482+0000] {local_task_job_runner.py:228} INFO - Task exited with return code 0
[2023-12-05T08:13:24.493+0000] {taskinstance.py:2776} INFO - 0 downstream tasks scheduled from follow-on schedule check
