[2023-12-08T08:29:48.311+0000] {taskinstance.py:1157} INFO - Dependencies all met for dep_context=non-requeueable deps ti=<TaskInstance: Georgy.loading_col_table manual__2023-12-08T08:29:40.712822+00:00 [queued]>
[2023-12-08T08:29:48.316+0000] {taskinstance.py:1157} INFO - Dependencies all met for dep_context=requeueable deps ti=<TaskInstance: Georgy.loading_col_table manual__2023-12-08T08:29:40.712822+00:00 [queued]>
[2023-12-08T08:29:48.316+0000] {taskinstance.py:1359} INFO - Starting attempt 1 of 1
[2023-12-08T08:29:48.327+0000] {taskinstance.py:1380} INFO - Executing <Task(SnowflakeOperator): loading_col_table> on 2023-12-08 08:29:40.712822+00:00
[2023-12-08T08:29:48.331+0000] {standard_task_runner.py:57} INFO - Started process 98 to run task
[2023-12-08T08:29:48.333+0000] {standard_task_runner.py:84} INFO - Running: ['***', 'tasks', 'run', 'Georgy', 'loading_col_table', 'manual__2023-12-08T08:29:40.712822+00:00', '--job-id', '215', '--raw', '--subdir', 'DAGS_FOLDER/test.py', '--cfg-path', '/tmp/tmpt0t7tqyb']
[2023-12-08T08:29:48.334+0000] {standard_task_runner.py:85} INFO - Job 215: Subtask loading_col_table
[2023-12-08T08:29:48.366+0000] {task_command.py:415} INFO - Running <TaskInstance: Georgy.loading_col_table manual__2023-12-08T08:29:40.712822+00:00 [running]> on host 1bc5fcee21f5
[2023-12-08T08:29:48.418+0000] {taskinstance.py:1660} INFO - Exporting env vars: AIRFLOW_CTX_DAG_OWNER='Gio' AIRFLOW_CTX_DAG_ID='Georgy' AIRFLOW_CTX_TASK_ID='loading_col_table' AIRFLOW_CTX_EXECUTION_DATE='2023-12-08T08:29:40.712822+00:00' AIRFLOW_CTX_TRY_NUMBER='1' AIRFLOW_CTX_DAG_RUN_ID='manual__2023-12-08T08:29:40.712822+00:00'
[2023-12-08T08:29:48.419+0000] {sql.py:274} INFO - Executing: 
            MERGE INTO TASKS.TASK_1.COL_TABLE
                USING TASKS.TASK_1.V_TABLE AS src ON COL_TABLE.ID = src.v:ID::INT                           
                WHEN NOT MATCHED THEN INSERT (COL_TABLE.ID, 
                                              COL_TABLE.NAME, 
                                              COL_TABLE.YEAR, 
                                              COL_TABLE.METACRITIC_RATING, 
                                              COL_TABLE.REVIEWER_RATING,
                                              COL_TABLE.POSITIVITY_RATIO, 
                                              COL_TABLE.TO_BEAT_MAIN, 
                                              COL_TABLE.TO_BEAT_EXTRA, 
                                              COL_TABLE.TO_BEAT_COMPLETIONIST, 
                                              COL_TABLE.EXTRA_CONTENT_LENGTH, 
                                              COL_TABLE.TAGS,
                                              COL_TABLE.INSERT_DT
                                              ) 
                                      VALUES (src.v: ID ,
                                              COALESCE(src.v: NAME, 'n. a.'),
                                              COALESCE(src.v: YEAR, -1),
                                              COALESCE(src.v: METACRITIC_RATING, -1),
                                              COALESCE(src.v: REVIEWER_RATING, -1),
                                              COALESCE(src.v: POSITIVITY_RATIO, -1),
                                              COALESCE(src.v: TO_BEAT_MAIN, -1),
                                              COALESCE(src.v: TO_BEAT_EXTRA, -1),
                                              COALESCE(src.v: TO_BEAT_COMPLETIONIST, -1),
                                              COALESCE(src.v: EXTRA_CONTENT_LENGTH, -1),
                                              src.v: TAGS,
                                              CURRENT_DATE);
        
[2023-12-08T08:29:48.427+0000] {base.py:73} INFO - Using connection ID 'snowflake' for task execution.
[2023-12-08T08:29:48.435+0000] {base.py:73} INFO - Using connection ID 'snowflake' for task execution.
[2023-12-08T08:29:48.436+0000] {connection.py:314} INFO - Snowflake Connector for Python Version: 3.1.1, Python Version: 3.8.18, Platform: Linux-5.15.133.1-microsoft-standard-WSL2-x86_64-with-glibc2.2.5
[2023-12-08T08:29:48.436+0000] {connection.py:1050} INFO - This connection is in OCSP Fail Open Mode. TLS Certificates would be checked for validity and revocation status. Any other Certificate Revocation related exceptions or OCSP Responder failures would be disregarded in favor of connectivity.
[2023-12-08T08:29:48.437+0000] {connection.py:1060} INFO - THIS CONNECTION IS IN INSECURE MODE. IT MEANS THE CERTIFICATE WILL BE VALIDATED BUT THE CERTIFICATE REVOCATION STATUS WILL NOT BE CHECKED.
[2023-12-08T08:29:48.437+0000] {connection.py:1068} INFO - Setting use_openssl_only mode to False
[2023-12-08T08:29:48.541+0000] {ssl_wrap_socket.py:100} INFO - THIS CONNECTION IS IN INSECURE MODE. IT MEANS THE CERTIFICATE WILL BE VALIDATED BUT THE CERTIFICATE REVOCATION STATUS WILL NOT BE CHECKED.
[2023-12-08T08:29:48.674+0000] {cursor.py:804} INFO - query: [ALTER SESSION SET autocommit=False]
[2023-12-08T08:29:48.789+0000] {cursor.py:817} INFO - query execution done
[2023-12-08T08:29:48.790+0000] {cursor.py:959} INFO - Number of results in first chunk: 1
[2023-12-08T08:29:48.790+0000] {sql.py:418} INFO - Running statement: MERGE INTO TASKS.TASK_1.COL_TABLE
                USING TASKS.TASK_1.V_TABLE AS src ON COL_TABLE.ID = src.v:ID::INT                           
                WHEN NOT MATCHED THEN INSERT (COL_TABLE.ID, 
                                              COL_TABLE.NAME, 
                                              COL_TABLE.YEAR, 
                                              COL_TABLE.METACRITIC_RATING, 
                                              COL_TABLE.REVIEWER_RATING,
                                              COL_TABLE.POSITIVITY_RATIO, 
                                              COL_TABLE.TO_BEAT_MAIN, 
                                              COL_TABLE.TO_BEAT_EXTRA, 
                                              COL_TABLE.TO_BEAT_COMPLETIONIST, 
                                              COL_TABLE.EXTRA_CONTENT_LENGTH, 
                                              COL_TABLE.TAGS,
                                              COL_TABLE.INSERT_DT
                                              ) 
                                      VALUES (src.v: ID ,
                                              COALESCE(src.v: NAME, 'n. a.'),
                                              COALESCE(src.v: YEAR, -1),
                                              COALESCE(src.v: METACRITIC_RATING, -1),
                                              COALESCE(src.v: REVIEWER_RATING, -1),
                                              COALESCE(src.v: POSITIVITY_RATIO, -1),
                                              COALESCE(src.v: TO_BEAT_MAIN, -1),
                                              COALESCE(src.v: TO_BEAT_EXTRA, -1),
                                              COALESCE(src.v: TO_BEAT_COMPLETIONIST, -1),
                                              COALESCE(src.v: EXTRA_CONTENT_LENGTH, -1),
                                              src.v: TAGS,
                                              CURRENT_DATE);, parameters: None
[2023-12-08T08:29:48.791+0000] {cursor.py:804} INFO - query: [MERGE INTO TASKS.TASK_1.COL_TABLE USING TASKS.TASK_1.V_TABLE AS src ON COL_TABLE...]
[2023-12-08T08:29:49.674+0000] {cursor.py:817} INFO - query execution done
[2023-12-08T08:29:49.674+0000] {sql.py:427} INFO - Rows affected: 63543
[2023-12-08T08:29:49.675+0000] {snowflake.py:427} INFO - Rows affected: 63543
[2023-12-08T08:29:49.675+0000] {snowflake.py:428} INFO - Snowflake query id: 01b0d8dd-0000-c5cd-0001-691a0002e1b6
[2023-12-08T08:29:49.675+0000] {cursor.py:804} INFO - query: [COMMIT]
[2023-12-08T08:29:49.857+0000] {cursor.py:817} INFO - query execution done
[2023-12-08T08:29:49.857+0000] {cursor.py:959} INFO - Number of results in first chunk: 1
[2023-12-08T08:29:49.857+0000] {connection.py:640} INFO - closed
[2023-12-08T08:29:49.946+0000] {connection.py:646} INFO - No async queries seem to be running, deleting session
[2023-12-08T08:29:50.053+0000] {taskinstance.py:1398} INFO - Marking task as SUCCESS. dag_id=Georgy, task_id=loading_col_table, execution_date=20231208T082940, start_date=20231208T082948, end_date=20231208T082950
[2023-12-08T08:29:50.110+0000] {local_task_job_runner.py:228} INFO - Task exited with return code 0
[2023-12-08T08:29:50.126+0000] {taskinstance.py:2776} INFO - 1 downstream tasks scheduled from follow-on schedule check
