[2023-12-05T07:40:25.422+0000] {taskinstance.py:1157} INFO - Dependencies all met for dep_context=non-requeueable deps ti=<TaskInstance: Georgy.creating_v_table manual__2023-12-05T07:40:23.972153+00:00 [queued]>
[2023-12-05T07:40:25.429+0000] {taskinstance.py:1157} INFO - Dependencies all met for dep_context=requeueable deps ti=<TaskInstance: Georgy.creating_v_table manual__2023-12-05T07:40:23.972153+00:00 [queued]>
[2023-12-05T07:40:25.429+0000] {taskinstance.py:1359} INFO - Starting attempt 1 of 1
[2023-12-05T07:40:25.441+0000] {taskinstance.py:1380} INFO - Executing <Task(SnowflakeOperator): creating_v_table> on 2023-12-05 07:40:23.972153+00:00
[2023-12-05T07:40:25.446+0000] {standard_task_runner.py:57} INFO - Started process 516 to run task
[2023-12-05T07:40:25.448+0000] {standard_task_runner.py:84} INFO - Running: ['***', 'tasks', 'run', 'Georgy', 'creating_v_table', 'manual__2023-12-05T07:40:23.972153+00:00', '--job-id', '173', '--raw', '--subdir', 'DAGS_FOLDER/test.py', '--cfg-path', '/tmp/tmp6k1no_td']
[2023-12-05T07:40:25.449+0000] {standard_task_runner.py:85} INFO - Job 173: Subtask creating_v_table
[2023-12-05T07:40:25.480+0000] {task_command.py:415} INFO - Running <TaskInstance: Georgy.creating_v_table manual__2023-12-05T07:40:23.972153+00:00 [running]> on host 435c91f40721
[2023-12-05T07:40:25.536+0000] {taskinstance.py:1660} INFO - Exporting env vars: AIRFLOW_CTX_DAG_OWNER='Gio' AIRFLOW_CTX_DAG_ID='Georgy' AIRFLOW_CTX_TASK_ID='creating_v_table' AIRFLOW_CTX_EXECUTION_DATE='2023-12-05T07:40:23.972153+00:00' AIRFLOW_CTX_TRY_NUMBER='1' AIRFLOW_CTX_DAG_RUN_ID='manual__2023-12-05T07:40:23.972153+00:00'
[2023-12-05T07:40:25.537+0000] {sql.py:274} INFO - Executing: 
            CREATE OR REPLACE TABLE TASKS.PUBLIC.task1_v_table AS SELECT 
              CSV_PARSER.V
            -- Query the stage for one file or use a pattern for multiple
            FROM @MY_STAGE (FILE_FORMAT => TEXT_FORMAT, PATTERN=>'.*.csv.gz') STG
            -- Lateral join to call our UDTF
            JOIN LATERAL PARSE_CSV(STG.$1, ',', '"') 
              -- Partition by file to support multiple files at once
            OVER (PARTITION BY METADATA$FILENAME 
              -- Order by row number to ensure headers are first in each window
            ORDER BY METADATA$FILE_ROW_NUMBER) AS CSV_PARSER;
[2023-12-05T07:40:25.544+0000] {base.py:73} INFO - Using connection ID 'snowflake' for task execution.
[2023-12-05T07:40:25.550+0000] {base.py:73} INFO - Using connection ID 'snowflake' for task execution.
[2023-12-05T07:40:25.551+0000] {connection.py:314} INFO - Snowflake Connector for Python Version: 3.1.1, Python Version: 3.8.18, Platform: Linux-5.15.133.1-microsoft-standard-WSL2-x86_64-with-glibc2.2.5
[2023-12-05T07:40:25.552+0000] {connection.py:1050} INFO - This connection is in OCSP Fail Open Mode. TLS Certificates would be checked for validity and revocation status. Any other Certificate Revocation related exceptions or OCSP Responder failures would be disregarded in favor of connectivity.
[2023-12-05T07:40:25.552+0000] {connection.py:1060} INFO - THIS CONNECTION IS IN INSECURE MODE. IT MEANS THE CERTIFICATE WILL BE VALIDATED BUT THE CERTIFICATE REVOCATION STATUS WILL NOT BE CHECKED.
[2023-12-05T07:40:25.552+0000] {connection.py:1068} INFO - Setting use_openssl_only mode to False
[2023-12-05T07:40:25.759+0000] {ssl_wrap_socket.py:100} INFO - THIS CONNECTION IS IN INSECURE MODE. IT MEANS THE CERTIFICATE WILL BE VALIDATED BUT THE CERTIFICATE REVOCATION STATUS WILL NOT BE CHECKED.
[2023-12-05T07:40:26.043+0000] {cursor.py:804} INFO - query: [ALTER SESSION SET autocommit=False]
[2023-12-05T07:40:26.211+0000] {cursor.py:817} INFO - query execution done
[2023-12-05T07:40:26.212+0000] {cursor.py:959} INFO - Number of results in first chunk: 1
[2023-12-05T07:40:26.212+0000] {sql.py:418} INFO - Running statement: CREATE OR REPLACE TABLE TASKS.PUBLIC.task1_v_table AS SELECT 
              CSV_PARSER.V
            -- Query the stage for one file or use a pattern for multiple
            FROM @MY_STAGE (FILE_FORMAT => TEXT_FORMAT, PATTERN=>'.*.csv.gz') STG
            -- Lateral join to call our UDTF
            JOIN LATERAL PARSE_CSV(STG.$1, ',', '"') 
              -- Partition by file to support multiple files at once
            OVER (PARTITION BY METADATA$FILENAME 
              -- Order by row number to ensure headers are first in each window
            ORDER BY METADATA$FILE_ROW_NUMBER) AS CSV_PARSER;, parameters: None
[2023-12-05T07:40:26.212+0000] {cursor.py:804} INFO - query: [CREATE OR REPLACE TABLE TASKS.PUBLIC.task1_v_table AS SELECT CSV_PARSER.V -- Que...]
[2023-12-05T07:40:29.714+0000] {cursor.py:817} INFO - query execution done
[2023-12-05T07:40:29.715+0000] {cursor.py:959} INFO - Number of results in first chunk: 1
[2023-12-05T07:40:29.715+0000] {sql.py:427} INFO - Rows affected: 1
[2023-12-05T07:40:29.716+0000] {snowflake.py:427} INFO - Rows affected: 1
[2023-12-05T07:40:29.716+0000] {snowflake.py:428} INFO - Snowflake query id: 01b0c7cc-0000-c393-0001-691a00014ba2
[2023-12-05T07:40:29.716+0000] {cursor.py:804} INFO - query: [COMMIT]
[2023-12-05T07:40:29.820+0000] {cursor.py:817} INFO - query execution done
[2023-12-05T07:40:29.820+0000] {cursor.py:959} INFO - Number of results in first chunk: 1
[2023-12-05T07:40:29.821+0000] {connection.py:640} INFO - closed
[2023-12-05T07:40:29.906+0000] {connection.py:646} INFO - No async queries seem to be running, deleting session
[2023-12-05T07:40:30.071+0000] {taskinstance.py:1398} INFO - Marking task as SUCCESS. dag_id=Georgy, task_id=creating_v_table, execution_date=20231205T074023, start_date=20231205T074025, end_date=20231205T074030
[2023-12-05T07:40:30.115+0000] {local_task_job_runner.py:228} INFO - Task exited with return code 0
[2023-12-05T07:40:30.140+0000] {taskinstance.py:2776} INFO - 1 downstream tasks scheduled from follow-on schedule check
