[2023-12-04T23:15:36.056+0000] {taskinstance.py:1157} INFO - Dependencies all met for dep_context=non-requeueable deps ti=<TaskInstance: Georgy.snowflake_example manual__2023-12-04T23:15:34.192832+00:00 [queued]>
[2023-12-04T23:15:36.062+0000] {taskinstance.py:1157} INFO - Dependencies all met for dep_context=requeueable deps ti=<TaskInstance: Georgy.snowflake_example manual__2023-12-04T23:15:34.192832+00:00 [queued]>
[2023-12-04T23:15:36.063+0000] {taskinstance.py:1359} INFO - Starting attempt 1 of 1
[2023-12-04T23:15:36.072+0000] {taskinstance.py:1380} INFO - Executing <Task(SnowflakeOperator): snowflake_example> on 2023-12-04 23:15:34.192832+00:00
[2023-12-04T23:15:36.076+0000] {standard_task_runner.py:57} INFO - Started process 1691 to run task
[2023-12-04T23:15:36.079+0000] {standard_task_runner.py:84} INFO - Running: ['***', 'tasks', 'run', 'Georgy', 'snowflake_example', 'manual__2023-12-04T23:15:34.192832+00:00', '--job-id', '166', '--raw', '--subdir', 'DAGS_FOLDER/test.py', '--cfg-path', '/tmp/tmp4y1lh2i9']
[2023-12-04T23:15:36.079+0000] {standard_task_runner.py:85} INFO - Job 166: Subtask snowflake_example
[2023-12-04T23:15:36.112+0000] {task_command.py:415} INFO - Running <TaskInstance: Georgy.snowflake_example manual__2023-12-04T23:15:34.192832+00:00 [running]> on host 435c91f40721
[2023-12-04T23:15:36.162+0000] {taskinstance.py:1660} INFO - Exporting env vars: AIRFLOW_CTX_DAG_OWNER='Gio' AIRFLOW_CTX_DAG_ID='Georgy' AIRFLOW_CTX_TASK_ID='snowflake_example' AIRFLOW_CTX_EXECUTION_DATE='2023-12-04T23:15:34.192832+00:00' AIRFLOW_CTX_TRY_NUMBER='1' AIRFLOW_CTX_DAG_RUN_ID='manual__2023-12-04T23:15:34.192832+00:00'
[2023-12-04T23:15:36.163+0000] {sql.py:274} INFO - Executing: 
 create or replace table example_table (
 id int,
 first_name varchar(50),
 last_name varchar(50)
 );
[2023-12-04T23:15:36.170+0000] {base.py:73} INFO - Using connection ID 'snowflake' for task execution.
[2023-12-04T23:15:36.177+0000] {base.py:73} INFO - Using connection ID 'snowflake' for task execution.
[2023-12-04T23:15:36.178+0000] {connection.py:314} INFO - Snowflake Connector for Python Version: 3.1.1, Python Version: 3.8.18, Platform: Linux-5.15.133.1-microsoft-standard-WSL2-x86_64-with-glibc2.2.5
[2023-12-04T23:15:36.178+0000] {connection.py:1050} INFO - This connection is in OCSP Fail Open Mode. TLS Certificates would be checked for validity and revocation status. Any other Certificate Revocation related exceptions or OCSP Responder failures would be disregarded in favor of connectivity.
[2023-12-04T23:15:36.179+0000] {connection.py:1060} INFO - THIS CONNECTION IS IN INSECURE MODE. IT MEANS THE CERTIFICATE WILL BE VALIDATED BUT THE CERTIFICATE REVOCATION STATUS WILL NOT BE CHECKED.
[2023-12-04T23:15:36.179+0000] {connection.py:1068} INFO - Setting use_openssl_only mode to False
[2023-12-04T23:15:36.494+0000] {ssl_wrap_socket.py:100} INFO - THIS CONNECTION IS IN INSECURE MODE. IT MEANS THE CERTIFICATE WILL BE VALIDATED BUT THE CERTIFICATE REVOCATION STATUS WILL NOT BE CHECKED.
[2023-12-04T23:15:36.810+0000] {cursor.py:804} INFO - query: [ALTER SESSION SET autocommit=False]
[2023-12-04T23:15:36.950+0000] {cursor.py:817} INFO - query execution done
[2023-12-04T23:15:36.951+0000] {cursor.py:959} INFO - Number of results in first chunk: 1
[2023-12-04T23:15:36.951+0000] {sql.py:418} INFO - Running statement: create or replace table example_table (
 id int,
 first_name varchar(50),
 last_name varchar(50)
 );, parameters: None
[2023-12-04T23:15:36.952+0000] {cursor.py:804} INFO - query: [create or replace table example_table ( id int, first_name varchar(50), last_nam...]
[2023-12-04T23:15:37.143+0000] {cursor.py:817} INFO - query execution done
[2023-12-04T23:15:37.144+0000] {cursor.py:959} INFO - Number of results in first chunk: 1
[2023-12-04T23:15:37.144+0000] {sql.py:427} INFO - Rows affected: 1
[2023-12-04T23:15:37.145+0000] {snowflake.py:427} INFO - Rows affected: 1
[2023-12-04T23:15:37.145+0000] {snowflake.py:428} INFO - Snowflake query id: 01b0c5d3-0000-c393-0001-691a00014ab6
[2023-12-04T23:15:37.146+0000] {cursor.py:804} INFO - query: [COMMIT]
[2023-12-04T23:15:37.261+0000] {cursor.py:817} INFO - query execution done
[2023-12-04T23:15:37.261+0000] {cursor.py:959} INFO - Number of results in first chunk: 1
[2023-12-04T23:15:37.262+0000] {connection.py:640} INFO - closed
[2023-12-04T23:15:37.360+0000] {connection.py:646} INFO - No async queries seem to be running, deleting session
[2023-12-04T23:15:37.474+0000] {taskinstance.py:1398} INFO - Marking task as SUCCESS. dag_id=Georgy, task_id=snowflake_example, execution_date=20231204T231534, start_date=20231204T231536, end_date=20231204T231537
[2023-12-04T23:15:37.496+0000] {local_task_job_runner.py:228} INFO - Task exited with return code 0
[2023-12-04T23:15:37.512+0000] {taskinstance.py:2776} INFO - 0 downstream tasks scheduled from follow-on schedule check
