[2023-12-06T12:32:30.769+0000] {taskinstance.py:1157} INFO - Dependencies all met for dep_context=non-requeueable deps ti=<TaskInstance: Georgy.creating_col_table manual__2023-12-06T12:32:18.513529+00:00 [queued]>
[2023-12-06T12:32:30.777+0000] {taskinstance.py:1157} INFO - Dependencies all met for dep_context=requeueable deps ti=<TaskInstance: Georgy.creating_col_table manual__2023-12-06T12:32:18.513529+00:00 [queued]>
[2023-12-06T12:32:30.777+0000] {taskinstance.py:1359} INFO - Starting attempt 1 of 1
[2023-12-06T12:32:30.791+0000] {taskinstance.py:1380} INFO - Executing <Task(SnowflakeOperator): creating_col_table> on 2023-12-06 12:32:18.513529+00:00
[2023-12-06T12:32:30.796+0000] {standard_task_runner.py:57} INFO - Started process 182 to run task
[2023-12-06T12:32:30.798+0000] {standard_task_runner.py:84} INFO - Running: ['***', 'tasks', 'run', 'Georgy', 'creating_col_table', 'manual__2023-12-06T12:32:18.513529+00:00', '--job-id', '192', '--raw', '--subdir', 'DAGS_FOLDER/test.py', '--cfg-path', '/tmp/tmp4xcjt10o']
[2023-12-06T12:32:30.800+0000] {standard_task_runner.py:85} INFO - Job 192: Subtask creating_col_table
[2023-12-06T12:32:30.847+0000] {task_command.py:415} INFO - Running <TaskInstance: Georgy.creating_col_table manual__2023-12-06T12:32:18.513529+00:00 [running]> on host 8fe129121ada
[2023-12-06T12:32:30.920+0000] {taskinstance.py:1660} INFO - Exporting env vars: AIRFLOW_CTX_DAG_OWNER='Gio' AIRFLOW_CTX_DAG_ID='Georgy' AIRFLOW_CTX_TASK_ID='creating_col_table' AIRFLOW_CTX_EXECUTION_DATE='2023-12-06T12:32:18.513529+00:00' AIRFLOW_CTX_TRY_NUMBER='1' AIRFLOW_CTX_DAG_RUN_ID='manual__2023-12-06T12:32:18.513529+00:00'
[2023-12-06T12:32:30.922+0000] {sql.py:274} INFO - Executing: 
            CREATE OR REPLACE TABLE TASKS.PUBLIC.task_col_table (
                ID INT,
                NAME VARCHAR,
                YEAR INT,
                METACRITIC_RATING INT,
                REVIEWER_RATING INT,
                POSITIVITY_RATIO FLOAT,
                TO_BEAT_MAIN FLOAT,
                TO_BEAT_EXTRA FLOAT,
                TO_BEAT_COMPLETIONIST FLOAT,
                EXTRA_CONTENT_LENGTH FLOAT,
                TAGS VARCHAR
            ) AS SELECT V: ID, V: NAME, V: YEAR, V: METACRITIC_RATING, V: REVIEWER_RATING, 
              V: POSITIVITY_RATIO, V: TO_BEAT_MAIN, V: TO_BEAT_EXTRA, 
              V: TO_BEAT_COMPLETIONIST, V: EXTRA_CONTENT_LENGTH, V: TAGS  
            FROM task1_v_table;
        
[2023-12-06T12:32:30.933+0000] {base.py:73} INFO - Using connection ID 'snowflake' for task execution.
[2023-12-06T12:32:30.942+0000] {base.py:73} INFO - Using connection ID 'snowflake' for task execution.
[2023-12-06T12:32:30.943+0000] {connection.py:314} INFO - Snowflake Connector for Python Version: 3.1.1, Python Version: 3.8.18, Platform: Linux-5.15.133.1-microsoft-standard-WSL2-x86_64-with-glibc2.2.5
[2023-12-06T12:32:30.944+0000] {connection.py:1050} INFO - This connection is in OCSP Fail Open Mode. TLS Certificates would be checked for validity and revocation status. Any other Certificate Revocation related exceptions or OCSP Responder failures would be disregarded in favor of connectivity.
[2023-12-06T12:32:30.945+0000] {connection.py:1060} INFO - THIS CONNECTION IS IN INSECURE MODE. IT MEANS THE CERTIFICATE WILL BE VALIDATED BUT THE CERTIFICATE REVOCATION STATUS WILL NOT BE CHECKED.
[2023-12-06T12:32:30.945+0000] {connection.py:1068} INFO - Setting use_openssl_only mode to False
[2023-12-06T12:32:31.885+0000] {ssl_wrap_socket.py:100} INFO - THIS CONNECTION IS IN INSECURE MODE. IT MEANS THE CERTIFICATE WILL BE VALIDATED BUT THE CERTIFICATE REVOCATION STATUS WILL NOT BE CHECKED.
[2023-12-06T12:32:32.223+0000] {cursor.py:804} INFO - query: [ALTER SESSION SET autocommit=False]
[2023-12-06T12:32:32.337+0000] {cursor.py:817} INFO - query execution done
[2023-12-06T12:32:32.338+0000] {cursor.py:959} INFO - Number of results in first chunk: 1
[2023-12-06T12:32:32.338+0000] {sql.py:418} INFO - Running statement: CREATE OR REPLACE TABLE TASKS.PUBLIC.task_col_table (
                ID INT,
                NAME VARCHAR,
                YEAR INT,
                METACRITIC_RATING INT,
                REVIEWER_RATING INT,
                POSITIVITY_RATIO FLOAT,
                TO_BEAT_MAIN FLOAT,
                TO_BEAT_EXTRA FLOAT,
                TO_BEAT_COMPLETIONIST FLOAT,
                EXTRA_CONTENT_LENGTH FLOAT,
                TAGS VARCHAR
            ) AS SELECT V: ID, V: NAME, V: YEAR, V: METACRITIC_RATING, V: REVIEWER_RATING, 
              V: POSITIVITY_RATIO, V: TO_BEAT_MAIN, V: TO_BEAT_EXTRA, 
              V: TO_BEAT_COMPLETIONIST, V: EXTRA_CONTENT_LENGTH, V: TAGS  
            FROM task1_v_table;, parameters: None
[2023-12-06T12:32:32.339+0000] {cursor.py:804} INFO - query: [CREATE OR REPLACE TABLE TASKS.PUBLIC.task_col_table ( ID INT, NAME VARCHAR, YEAR...]
[2023-12-06T12:32:33.285+0000] {cursor.py:817} INFO - query execution done
[2023-12-06T12:32:33.285+0000] {cursor.py:959} INFO - Number of results in first chunk: 1
[2023-12-06T12:32:33.286+0000] {sql.py:427} INFO - Rows affected: 1
[2023-12-06T12:32:33.287+0000] {snowflake.py:427} INFO - Rows affected: 1
[2023-12-06T12:32:33.287+0000] {snowflake.py:428} INFO - Snowflake query id: 01b0ce90-0000-c427-0001-691a0001f46a
[2023-12-06T12:32:33.287+0000] {cursor.py:804} INFO - query: [COMMIT]
[2023-12-06T12:32:33.397+0000] {cursor.py:817} INFO - query execution done
[2023-12-06T12:32:33.398+0000] {cursor.py:959} INFO - Number of results in first chunk: 1
[2023-12-06T12:32:33.399+0000] {connection.py:640} INFO - closed
[2023-12-06T12:32:33.486+0000] {connection.py:646} INFO - No async queries seem to be running, deleting session
[2023-12-06T12:32:33.596+0000] {taskinstance.py:1398} INFO - Marking task as SUCCESS. dag_id=Georgy, task_id=creating_col_table, execution_date=20231206T123218, start_date=20231206T123230, end_date=20231206T123233
[2023-12-06T12:32:33.621+0000] {local_task_job_runner.py:228} INFO - Task exited with return code 0
[2023-12-06T12:32:33.643+0000] {taskinstance.py:2776} INFO - 1 downstream tasks scheduled from follow-on schedule check
