[2023-12-08T08:29:51.414+0000] {taskinstance.py:1157} INFO - Dependencies all met for dep_context=non-requeueable deps ti=<TaskInstance: Georgy.loading_max_rating_table manual__2023-12-08T08:29:40.712822+00:00 [queued]>
[2023-12-08T08:29:51.423+0000] {taskinstance.py:1157} INFO - Dependencies all met for dep_context=requeueable deps ti=<TaskInstance: Georgy.loading_max_rating_table manual__2023-12-08T08:29:40.712822+00:00 [queued]>
[2023-12-08T08:29:51.423+0000] {taskinstance.py:1359} INFO - Starting attempt 1 of 1
[2023-12-08T08:29:51.436+0000] {taskinstance.py:1380} INFO - Executing <Task(SnowflakeOperator): loading_max_rating_table> on 2023-12-08 08:29:40.712822+00:00
[2023-12-08T08:29:51.441+0000] {standard_task_runner.py:57} INFO - Started process 110 to run task
[2023-12-08T08:29:51.444+0000] {standard_task_runner.py:84} INFO - Running: ['***', 'tasks', 'run', 'Georgy', 'loading_max_rating_table', 'manual__2023-12-08T08:29:40.712822+00:00', '--job-id', '216', '--raw', '--subdir', 'DAGS_FOLDER/test.py', '--cfg-path', '/tmp/tmpz38xgqcq']
[2023-12-08T08:29:51.445+0000] {standard_task_runner.py:85} INFO - Job 216: Subtask loading_max_rating_table
[2023-12-08T08:29:51.477+0000] {task_command.py:415} INFO - Running <TaskInstance: Georgy.loading_max_rating_table manual__2023-12-08T08:29:40.712822+00:00 [running]> on host 1bc5fcee21f5
[2023-12-08T08:29:51.533+0000] {taskinstance.py:1660} INFO - Exporting env vars: AIRFLOW_CTX_DAG_OWNER='Gio' AIRFLOW_CTX_DAG_ID='Georgy' AIRFLOW_CTX_TASK_ID='loading_max_rating_table' AIRFLOW_CTX_EXECUTION_DATE='2023-12-08T08:29:40.712822+00:00' AIRFLOW_CTX_TRY_NUMBER='1' AIRFLOW_CTX_DAG_RUN_ID='manual__2023-12-08T08:29:40.712822+00:00'
[2023-12-08T08:29:51.534+0000] {sql.py:274} INFO - Executing: 
            INSERT OVERWRITE INTO TASKS.TASK_1.RATING_TABLE
                SELECT YEAR, 
                       MAX(METACRITIC_RATING) AS max_metacritic_rating, 
                       MAX(REVIEWER_RATING) AS max_reviewer_rating
                FROM TASKS.TASK_1.COL_TABLE
                WHERE YEAR != -1
                GROUP BY YEAR 
        
[2023-12-08T08:29:51.543+0000] {base.py:73} INFO - Using connection ID 'snowflake' for task execution.
[2023-12-08T08:29:51.550+0000] {base.py:73} INFO - Using connection ID 'snowflake' for task execution.
[2023-12-08T08:29:51.550+0000] {connection.py:314} INFO - Snowflake Connector for Python Version: 3.1.1, Python Version: 3.8.18, Platform: Linux-5.15.133.1-microsoft-standard-WSL2-x86_64-with-glibc2.2.5
[2023-12-08T08:29:51.551+0000] {connection.py:1050} INFO - This connection is in OCSP Fail Open Mode. TLS Certificates would be checked for validity and revocation status. Any other Certificate Revocation related exceptions or OCSP Responder failures would be disregarded in favor of connectivity.
[2023-12-08T08:29:51.551+0000] {connection.py:1060} INFO - THIS CONNECTION IS IN INSECURE MODE. IT MEANS THE CERTIFICATE WILL BE VALIDATED BUT THE CERTIFICATE REVOCATION STATUS WILL NOT BE CHECKED.
[2023-12-08T08:29:51.552+0000] {connection.py:1068} INFO - Setting use_openssl_only mode to False
[2023-12-08T08:29:51.672+0000] {ssl_wrap_socket.py:100} INFO - THIS CONNECTION IS IN INSECURE MODE. IT MEANS THE CERTIFICATE WILL BE VALIDATED BUT THE CERTIFICATE REVOCATION STATUS WILL NOT BE CHECKED.
[2023-12-08T08:29:51.798+0000] {cursor.py:804} INFO - query: [ALTER SESSION SET autocommit=False]
[2023-12-08T08:29:51.915+0000] {cursor.py:817} INFO - query execution done
[2023-12-08T08:29:51.915+0000] {cursor.py:959} INFO - Number of results in first chunk: 1
[2023-12-08T08:29:51.916+0000] {sql.py:418} INFO - Running statement: INSERT OVERWRITE INTO TASKS.TASK_1.RATING_TABLE
                SELECT YEAR, 
                       MAX(METACRITIC_RATING) AS max_metacritic_rating, 
                       MAX(REVIEWER_RATING) AS max_reviewer_rating
                FROM TASKS.TASK_1.COL_TABLE
                WHERE YEAR != -1
                GROUP BY YEAR, parameters: None
[2023-12-08T08:29:51.916+0000] {cursor.py:804} INFO - query: [INSERT OVERWRITE INTO TASKS.TASK_1.RATING_TABLE SELECT YEAR, MAX(METACRITIC_RATI...]
[2023-12-08T08:29:52.418+0000] {cursor.py:817} INFO - query execution done
[2023-12-08T08:29:52.419+0000] {sql.py:427} INFO - Rows affected: 27
[2023-12-08T08:29:52.419+0000] {snowflake.py:427} INFO - Rows affected: 27
[2023-12-08T08:29:52.420+0000] {snowflake.py:428} INFO - Snowflake query id: 01b0d8dd-0000-c5cd-0001-691a0002e1c2
[2023-12-08T08:29:52.420+0000] {cursor.py:804} INFO - query: [COMMIT]
[2023-12-08T08:29:52.610+0000] {cursor.py:817} INFO - query execution done
[2023-12-08T08:29:52.611+0000] {cursor.py:959} INFO - Number of results in first chunk: 1
[2023-12-08T08:29:52.611+0000] {connection.py:640} INFO - closed
[2023-12-08T08:29:52.701+0000] {connection.py:646} INFO - No async queries seem to be running, deleting session
[2023-12-08T08:29:52.808+0000] {taskinstance.py:1398} INFO - Marking task as SUCCESS. dag_id=Georgy, task_id=loading_max_rating_table, execution_date=20231208T082940, start_date=20231208T082951, end_date=20231208T082952
[2023-12-08T08:29:52.860+0000] {local_task_job_runner.py:228} INFO - Task exited with return code 0
[2023-12-08T08:29:52.873+0000] {taskinstance.py:2776} INFO - 0 downstream tasks scheduled from follow-on schedule check
