[2023-12-04T10:32:44.022+0000] {taskinstance.py:1157} INFO - Dependencies all met for dep_context=non-requeueable deps ti=<TaskInstance: Georgy.creating_folder scheduled__2023-11-30T21:10:00+00:00 [queued]>
[2023-12-04T10:32:44.027+0000] {taskinstance.py:1157} INFO - Dependencies all met for dep_context=requeueable deps ti=<TaskInstance: Georgy.creating_folder scheduled__2023-11-30T21:10:00+00:00 [queued]>
[2023-12-04T10:32:44.028+0000] {taskinstance.py:1359} INFO - Starting attempt 1 of 4
[2023-12-04T10:32:44.037+0000] {taskinstance.py:1380} INFO - Executing <Task(BashOperator): creating_folder> on 2023-11-30 21:10:00+00:00
[2023-12-04T10:32:44.041+0000] {standard_task_runner.py:57} INFO - Started process 2150 to run task
[2023-12-04T10:32:44.043+0000] {standard_task_runner.py:84} INFO - Running: ['***', 'tasks', 'run', 'Georgy', 'creating_folder', 'scheduled__2023-11-30T21:10:00+00:00', '--job-id', '61', '--raw', '--subdir', 'DAGS_FOLDER/test.py', '--cfg-path', '/tmp/tmpfqnrhw08']
[2023-12-04T10:32:44.044+0000] {standard_task_runner.py:85} INFO - Job 61: Subtask creating_folder
[2023-12-04T10:32:44.079+0000] {task_command.py:415} INFO - Running <TaskInstance: Georgy.creating_folder scheduled__2023-11-30T21:10:00+00:00 [running]> on host ed47267dc344
[2023-12-04T10:32:44.128+0000] {taskinstance.py:1660} INFO - Exporting env vars: AIRFLOW_CTX_DAG_OWNER='Gio' AIRFLOW_CTX_DAG_ID='Georgy' AIRFLOW_CTX_TASK_ID='creating_folder' AIRFLOW_CTX_EXECUTION_DATE='2023-11-30T21:10:00+00:00' AIRFLOW_CTX_TRY_NUMBER='1' AIRFLOW_CTX_DAG_RUN_ID='scheduled__2023-11-30T21:10:00+00:00'
[2023-12-04T10:32:44.129+0000] {subprocess.py:63} INFO - Tmp dir root location: /tmp
[2023-12-04T10:32:44.130+0000] {subprocess.py:75} INFO - Running command: ['/bin/bash', '-c', 'mkdir -p ~/.kaggle']
[2023-12-04T10:32:44.139+0000] {subprocess.py:86} INFO - Output:
[2023-12-04T10:32:44.142+0000] {subprocess.py:97} INFO - Command exited with return code 0
[2023-12-04T10:32:44.159+0000] {taskinstance.py:1398} INFO - Marking task as SUCCESS. dag_id=Georgy, task_id=creating_folder, execution_date=20231130T211000, start_date=20231204T103244, end_date=20231204T103244
[2023-12-04T10:32:44.176+0000] {local_task_job_runner.py:228} INFO - Task exited with return code 0
[2023-12-04T10:32:44.196+0000] {taskinstance.py:2776} INFO - 1 downstream tasks scheduled from follow-on schedule check
[2023-12-04T10:35:07.352+0000] {taskinstance.py:1157} INFO - Dependencies all met for dep_context=non-requeueable deps ti=<TaskInstance: Georgy.creating_folder scheduled__2023-11-30T21:10:00+00:00 [queued]>
[2023-12-04T10:35:07.358+0000] {taskinstance.py:1157} INFO - Dependencies all met for dep_context=requeueable deps ti=<TaskInstance: Georgy.creating_folder scheduled__2023-11-30T21:10:00+00:00 [queued]>
[2023-12-04T10:35:07.358+0000] {taskinstance.py:1359} INFO - Starting attempt 1 of 4
[2023-12-04T10:35:07.368+0000] {taskinstance.py:1380} INFO - Executing <Task(BashOperator): creating_folder> on 2023-11-30 21:10:00+00:00
[2023-12-04T10:35:07.374+0000] {standard_task_runner.py:57} INFO - Started process 2205 to run task
[2023-12-04T10:35:07.376+0000] {standard_task_runner.py:84} INFO - Running: ['***', 'tasks', 'run', 'Georgy', 'creating_folder', 'scheduled__2023-11-30T21:10:00+00:00', '--job-id', '65', '--raw', '--subdir', 'DAGS_FOLDER/test.py', '--cfg-path', '/tmp/tmpt6odh73j']
[2023-12-04T10:35:07.377+0000] {standard_task_runner.py:85} INFO - Job 65: Subtask creating_folder
[2023-12-04T10:35:07.410+0000] {task_command.py:415} INFO - Running <TaskInstance: Georgy.creating_folder scheduled__2023-11-30T21:10:00+00:00 [running]> on host ed47267dc344
[2023-12-04T10:35:07.459+0000] {taskinstance.py:1660} INFO - Exporting env vars: AIRFLOW_CTX_DAG_OWNER='Gio' AIRFLOW_CTX_DAG_ID='Georgy' AIRFLOW_CTX_TASK_ID='creating_folder' AIRFLOW_CTX_EXECUTION_DATE='2023-11-30T21:10:00+00:00' AIRFLOW_CTX_TRY_NUMBER='1' AIRFLOW_CTX_DAG_RUN_ID='scheduled__2023-11-30T21:10:00+00:00'
[2023-12-04T10:35:07.460+0000] {subprocess.py:63} INFO - Tmp dir root location: /tmp
[2023-12-04T10:35:07.461+0000] {subprocess.py:75} INFO - Running command: ['/bin/bash', '-c', 'mkdir -p ~/.kaggle']
[2023-12-04T10:35:07.470+0000] {subprocess.py:86} INFO - Output:
[2023-12-04T10:35:07.472+0000] {subprocess.py:97} INFO - Command exited with return code 0
[2023-12-04T10:35:07.490+0000] {taskinstance.py:1398} INFO - Marking task as SUCCESS. dag_id=Georgy, task_id=creating_folder, execution_date=20231130T211000, start_date=20231204T103507, end_date=20231204T103507
[2023-12-04T10:35:07.508+0000] {local_task_job_runner.py:228} INFO - Task exited with return code 0
[2023-12-04T10:35:07.528+0000] {taskinstance.py:2776} INFO - 1 downstream tasks scheduled from follow-on schedule check
[2023-12-04T10:39:23.132+0000] {taskinstance.py:1157} INFO - Dependencies all met for dep_context=non-requeueable deps ti=<TaskInstance: Georgy.creating_folder scheduled__2023-11-30T21:10:00+00:00 [queued]>
[2023-12-04T10:39:23.137+0000] {taskinstance.py:1157} INFO - Dependencies all met for dep_context=requeueable deps ti=<TaskInstance: Georgy.creating_folder scheduled__2023-11-30T21:10:00+00:00 [queued]>
[2023-12-04T10:39:23.138+0000] {taskinstance.py:1359} INFO - Starting attempt 1 of 4
[2023-12-04T10:39:23.147+0000] {taskinstance.py:1380} INFO - Executing <Task(BashOperator): creating_folder> on 2023-11-30 21:10:00+00:00
[2023-12-04T10:39:23.152+0000] {standard_task_runner.py:57} INFO - Started process 2293 to run task
[2023-12-04T10:39:23.154+0000] {standard_task_runner.py:84} INFO - Running: ['***', 'tasks', 'run', 'Georgy', 'creating_folder', 'scheduled__2023-11-30T21:10:00+00:00', '--job-id', '69', '--raw', '--subdir', 'DAGS_FOLDER/test.py', '--cfg-path', '/tmp/tmp7swioaok']
[2023-12-04T10:39:23.156+0000] {standard_task_runner.py:85} INFO - Job 69: Subtask creating_folder
[2023-12-04T10:39:23.191+0000] {task_command.py:415} INFO - Running <TaskInstance: Georgy.creating_folder scheduled__2023-11-30T21:10:00+00:00 [running]> on host ed47267dc344
[2023-12-04T10:39:23.256+0000] {taskinstance.py:1660} INFO - Exporting env vars: AIRFLOW_CTX_DAG_OWNER='Gio' AIRFLOW_CTX_DAG_ID='Georgy' AIRFLOW_CTX_TASK_ID='creating_folder' AIRFLOW_CTX_EXECUTION_DATE='2023-11-30T21:10:00+00:00' AIRFLOW_CTX_TRY_NUMBER='1' AIRFLOW_CTX_DAG_RUN_ID='scheduled__2023-11-30T21:10:00+00:00'
[2023-12-04T10:39:23.257+0000] {subprocess.py:63} INFO - Tmp dir root location: /tmp
[2023-12-04T10:39:23.258+0000] {subprocess.py:75} INFO - Running command: ['/bin/bash', '-c', 'mkdir -p ~/.kaggle']
[2023-12-04T10:39:23.269+0000] {subprocess.py:86} INFO - Output:
[2023-12-04T10:39:23.273+0000] {subprocess.py:97} INFO - Command exited with return code 0
[2023-12-04T10:39:23.294+0000] {taskinstance.py:1398} INFO - Marking task as SUCCESS. dag_id=Georgy, task_id=creating_folder, execution_date=20231130T211000, start_date=20231204T103923, end_date=20231204T103923
[2023-12-04T10:39:23.326+0000] {local_task_job_runner.py:228} INFO - Task exited with return code 0
[2023-12-04T10:39:23.349+0000] {taskinstance.py:2776} INFO - 1 downstream tasks scheduled from follow-on schedule check
[2023-12-04T10:41:23.923+0000] {taskinstance.py:1157} INFO - Dependencies all met for dep_context=non-requeueable deps ti=<TaskInstance: Georgy.creating_folder scheduled__2023-11-30T21:10:00+00:00 [queued]>
[2023-12-04T10:41:23.930+0000] {taskinstance.py:1157} INFO - Dependencies all met for dep_context=requeueable deps ti=<TaskInstance: Georgy.creating_folder scheduled__2023-11-30T21:10:00+00:00 [queued]>
[2023-12-04T10:41:23.930+0000] {taskinstance.py:1359} INFO - Starting attempt 1 of 4
[2023-12-04T10:41:23.940+0000] {taskinstance.py:1380} INFO - Executing <Task(BashOperator): creating_folder> on 2023-11-30 21:10:00+00:00
[2023-12-04T10:41:23.945+0000] {standard_task_runner.py:57} INFO - Started process 2348 to run task
[2023-12-04T10:41:23.947+0000] {standard_task_runner.py:84} INFO - Running: ['***', 'tasks', 'run', 'Georgy', 'creating_folder', 'scheduled__2023-11-30T21:10:00+00:00', '--job-id', '73', '--raw', '--subdir', 'DAGS_FOLDER/test.py', '--cfg-path', '/tmp/tmpf9oi9lrv']
[2023-12-04T10:41:23.948+0000] {standard_task_runner.py:85} INFO - Job 73: Subtask creating_folder
[2023-12-04T10:41:23.983+0000] {task_command.py:415} INFO - Running <TaskInstance: Georgy.creating_folder scheduled__2023-11-30T21:10:00+00:00 [running]> on host ed47267dc344
[2023-12-04T10:41:24.034+0000] {taskinstance.py:1660} INFO - Exporting env vars: AIRFLOW_CTX_DAG_OWNER='Gio' AIRFLOW_CTX_DAG_ID='Georgy' AIRFLOW_CTX_TASK_ID='creating_folder' AIRFLOW_CTX_EXECUTION_DATE='2023-11-30T21:10:00+00:00' AIRFLOW_CTX_TRY_NUMBER='1' AIRFLOW_CTX_DAG_RUN_ID='scheduled__2023-11-30T21:10:00+00:00'
[2023-12-04T10:41:24.035+0000] {subprocess.py:63} INFO - Tmp dir root location: /tmp
[2023-12-04T10:41:24.036+0000] {subprocess.py:75} INFO - Running command: ['/bin/bash', '-c', 'mkdir -p ~/.kaggle >> /dev/null 2>&1']
[2023-12-04T10:41:24.045+0000] {subprocess.py:86} INFO - Output:
[2023-12-04T10:41:24.048+0000] {subprocess.py:97} INFO - Command exited with return code 0
[2023-12-04T10:41:24.066+0000] {taskinstance.py:1398} INFO - Marking task as SUCCESS. dag_id=Georgy, task_id=creating_folder, execution_date=20231130T211000, start_date=20231204T104123, end_date=20231204T104124
[2023-12-04T10:41:24.119+0000] {local_task_job_runner.py:228} INFO - Task exited with return code 0
[2023-12-04T10:41:24.143+0000] {taskinstance.py:2776} INFO - 1 downstream tasks scheduled from follow-on schedule check
[2023-12-04T10:50:32.387+0000] {taskinstance.py:1157} INFO - Dependencies all met for dep_context=non-requeueable deps ti=<TaskInstance: Georgy.creating_folder scheduled__2023-11-30T21:10:00+00:00 [queued]>
[2023-12-04T10:50:32.393+0000] {taskinstance.py:1157} INFO - Dependencies all met for dep_context=requeueable deps ti=<TaskInstance: Georgy.creating_folder scheduled__2023-11-30T21:10:00+00:00 [queued]>
[2023-12-04T10:50:32.393+0000] {taskinstance.py:1359} INFO - Starting attempt 1 of 4
[2023-12-04T10:50:32.404+0000] {taskinstance.py:1380} INFO - Executing <Task(BashOperator): creating_folder> on 2023-11-30 21:10:00+00:00
[2023-12-04T10:50:32.409+0000] {standard_task_runner.py:57} INFO - Started process 2517 to run task
[2023-12-04T10:50:32.411+0000] {standard_task_runner.py:84} INFO - Running: ['***', 'tasks', 'run', 'Georgy', 'creating_folder', 'scheduled__2023-11-30T21:10:00+00:00', '--job-id', '77', '--raw', '--subdir', 'DAGS_FOLDER/test.py', '--cfg-path', '/tmp/tmppxtbgxpa']
[2023-12-04T10:50:32.412+0000] {standard_task_runner.py:85} INFO - Job 77: Subtask creating_folder
[2023-12-04T10:50:32.449+0000] {task_command.py:415} INFO - Running <TaskInstance: Georgy.creating_folder scheduled__2023-11-30T21:10:00+00:00 [running]> on host ed47267dc344
[2023-12-04T10:50:32.502+0000] {taskinstance.py:1660} INFO - Exporting env vars: AIRFLOW_CTX_DAG_OWNER='Gio' AIRFLOW_CTX_DAG_ID='Georgy' AIRFLOW_CTX_TASK_ID='creating_folder' AIRFLOW_CTX_EXECUTION_DATE='2023-11-30T21:10:00+00:00' AIRFLOW_CTX_TRY_NUMBER='1' AIRFLOW_CTX_DAG_RUN_ID='scheduled__2023-11-30T21:10:00+00:00'
[2023-12-04T10:50:32.504+0000] {subprocess.py:63} INFO - Tmp dir root location: /tmp
[2023-12-04T10:50:32.505+0000] {subprocess.py:75} INFO - Running command: ['/bin/bash', '-c', 'mkdir -p ~/.kaggle >> /dev/null 2>&1']
[2023-12-04T10:50:32.514+0000] {subprocess.py:86} INFO - Output:
[2023-12-04T10:50:32.517+0000] {subprocess.py:97} INFO - Command exited with return code 0
[2023-12-04T10:50:32.536+0000] {taskinstance.py:1398} INFO - Marking task as SUCCESS. dag_id=Georgy, task_id=creating_folder, execution_date=20231130T211000, start_date=20231204T105032, end_date=20231204T105032
[2023-12-04T10:50:32.583+0000] {local_task_job_runner.py:228} INFO - Task exited with return code 0
[2023-12-04T10:50:32.606+0000] {taskinstance.py:2776} INFO - 1 downstream tasks scheduled from follow-on schedule check
[2023-12-04T10:53:21.138+0000] {taskinstance.py:1157} INFO - Dependencies all met for dep_context=non-requeueable deps ti=<TaskInstance: Georgy.creating_folder scheduled__2023-11-30T21:10:00+00:00 [queued]>
[2023-12-04T10:53:21.145+0000] {taskinstance.py:1157} INFO - Dependencies all met for dep_context=requeueable deps ti=<TaskInstance: Georgy.creating_folder scheduled__2023-11-30T21:10:00+00:00 [queued]>
[2023-12-04T10:53:21.146+0000] {taskinstance.py:1359} INFO - Starting attempt 1 of 4
[2023-12-04T10:53:21.156+0000] {taskinstance.py:1380} INFO - Executing <Task(BashOperator): creating_folder> on 2023-11-30 21:10:00+00:00
[2023-12-04T10:53:21.161+0000] {standard_task_runner.py:57} INFO - Started process 2582 to run task
[2023-12-04T10:53:21.163+0000] {standard_task_runner.py:84} INFO - Running: ['***', 'tasks', 'run', 'Georgy', 'creating_folder', 'scheduled__2023-11-30T21:10:00+00:00', '--job-id', '81', '--raw', '--subdir', 'DAGS_FOLDER/test.py', '--cfg-path', '/tmp/tmp9a5smt91']
[2023-12-04T10:53:21.164+0000] {standard_task_runner.py:85} INFO - Job 81: Subtask creating_folder
[2023-12-04T10:53:21.201+0000] {task_command.py:415} INFO - Running <TaskInstance: Georgy.creating_folder scheduled__2023-11-30T21:10:00+00:00 [running]> on host ed47267dc344
[2023-12-04T10:53:21.255+0000] {taskinstance.py:1660} INFO - Exporting env vars: AIRFLOW_CTX_DAG_OWNER='Gio' AIRFLOW_CTX_DAG_ID='Georgy' AIRFLOW_CTX_TASK_ID='creating_folder' AIRFLOW_CTX_EXECUTION_DATE='2023-11-30T21:10:00+00:00' AIRFLOW_CTX_TRY_NUMBER='1' AIRFLOW_CTX_DAG_RUN_ID='scheduled__2023-11-30T21:10:00+00:00'
[2023-12-04T10:53:21.257+0000] {subprocess.py:63} INFO - Tmp dir root location: /tmp
[2023-12-04T10:53:21.258+0000] {subprocess.py:75} INFO - Running command: ['/bin/bash', '-c', 'mkdir -p ~/.kaggle']
[2023-12-04T10:53:21.267+0000] {subprocess.py:86} INFO - Output:
[2023-12-04T10:53:21.269+0000] {subprocess.py:97} INFO - Command exited with return code 0
[2023-12-04T10:53:21.288+0000] {taskinstance.py:1398} INFO - Marking task as SUCCESS. dag_id=Georgy, task_id=creating_folder, execution_date=20231130T211000, start_date=20231204T105321, end_date=20231204T105321
[2023-12-04T10:53:21.335+0000] {local_task_job_runner.py:228} INFO - Task exited with return code 0
[2023-12-04T10:53:21.358+0000] {taskinstance.py:2776} INFO - 1 downstream tasks scheduled from follow-on schedule check
[2023-12-04T11:02:35.250+0000] {taskinstance.py:1157} INFO - Dependencies all met for dep_context=non-requeueable deps ti=<TaskInstance: Georgy.creating_folder scheduled__2023-11-30T21:10:00+00:00 [queued]>
[2023-12-04T11:02:35.256+0000] {taskinstance.py:1157} INFO - Dependencies all met for dep_context=requeueable deps ti=<TaskInstance: Georgy.creating_folder scheduled__2023-11-30T21:10:00+00:00 [queued]>
[2023-12-04T11:02:35.257+0000] {taskinstance.py:1359} INFO - Starting attempt 1 of 4
[2023-12-04T11:02:35.267+0000] {taskinstance.py:1380} INFO - Executing <Task(BashOperator): creating_folder> on 2023-11-30 21:10:00+00:00
[2023-12-04T11:02:35.272+0000] {standard_task_runner.py:57} INFO - Started process 2749 to run task
[2023-12-04T11:02:35.274+0000] {standard_task_runner.py:84} INFO - Running: ['***', 'tasks', 'run', 'Georgy', 'creating_folder', 'scheduled__2023-11-30T21:10:00+00:00', '--job-id', '85', '--raw', '--subdir', 'DAGS_FOLDER/test.py', '--cfg-path', '/tmp/tmpo10w1tqx']
[2023-12-04T11:02:35.275+0000] {standard_task_runner.py:85} INFO - Job 85: Subtask creating_folder
[2023-12-04T11:02:35.312+0000] {task_command.py:415} INFO - Running <TaskInstance: Georgy.creating_folder scheduled__2023-11-30T21:10:00+00:00 [running]> on host ed47267dc344
[2023-12-04T11:02:35.365+0000] {taskinstance.py:1660} INFO - Exporting env vars: AIRFLOW_CTX_DAG_OWNER='Gio' AIRFLOW_CTX_DAG_ID='Georgy' AIRFLOW_CTX_TASK_ID='creating_folder' AIRFLOW_CTX_EXECUTION_DATE='2023-11-30T21:10:00+00:00' AIRFLOW_CTX_TRY_NUMBER='1' AIRFLOW_CTX_DAG_RUN_ID='scheduled__2023-11-30T21:10:00+00:00'
[2023-12-04T11:02:35.367+0000] {subprocess.py:63} INFO - Tmp dir root location: /tmp
[2023-12-04T11:02:35.368+0000] {subprocess.py:75} INFO - Running command: ['/bin/bash', '-c', 'mkdir -p ~/.kaggle && pwd']
[2023-12-04T11:02:35.378+0000] {subprocess.py:86} INFO - Output:
[2023-12-04T11:02:35.381+0000] {subprocess.py:93} INFO - /tmp/***tmpd5kuhenp
[2023-12-04T11:02:35.381+0000] {subprocess.py:97} INFO - Command exited with return code 0
[2023-12-04T11:02:35.400+0000] {taskinstance.py:1398} INFO - Marking task as SUCCESS. dag_id=Georgy, task_id=creating_folder, execution_date=20231130T211000, start_date=20231204T110235, end_date=20231204T110235
[2023-12-04T11:02:35.447+0000] {local_task_job_runner.py:228} INFO - Task exited with return code 0
[2023-12-04T11:02:35.470+0000] {taskinstance.py:2776} INFO - 1 downstream tasks scheduled from follow-on schedule check
[2023-12-04T11:05:25.870+0000] {taskinstance.py:1157} INFO - Dependencies all met for dep_context=non-requeueable deps ti=<TaskInstance: Georgy.creating_folder scheduled__2023-11-30T21:10:00+00:00 [queued]>
[2023-12-04T11:05:25.877+0000] {taskinstance.py:1157} INFO - Dependencies all met for dep_context=requeueable deps ti=<TaskInstance: Georgy.creating_folder scheduled__2023-11-30T21:10:00+00:00 [queued]>
[2023-12-04T11:05:25.877+0000] {taskinstance.py:1359} INFO - Starting attempt 1 of 4
[2023-12-04T11:05:25.886+0000] {taskinstance.py:1380} INFO - Executing <Task(BashOperator): creating_folder> on 2023-11-30 21:10:00+00:00
[2023-12-04T11:05:25.891+0000] {standard_task_runner.py:57} INFO - Started process 2813 to run task
[2023-12-04T11:05:25.893+0000] {standard_task_runner.py:84} INFO - Running: ['***', 'tasks', 'run', 'Georgy', 'creating_folder', 'scheduled__2023-11-30T21:10:00+00:00', '--job-id', '89', '--raw', '--subdir', 'DAGS_FOLDER/test.py', '--cfg-path', '/tmp/tmpu28i513h']
[2023-12-04T11:05:25.894+0000] {standard_task_runner.py:85} INFO - Job 89: Subtask creating_folder
[2023-12-04T11:05:25.927+0000] {task_command.py:415} INFO - Running <TaskInstance: Georgy.creating_folder scheduled__2023-11-30T21:10:00+00:00 [running]> on host ed47267dc344
[2023-12-04T11:05:25.978+0000] {taskinstance.py:1660} INFO - Exporting env vars: AIRFLOW_CTX_DAG_OWNER='Gio' AIRFLOW_CTX_DAG_ID='Georgy' AIRFLOW_CTX_TASK_ID='creating_folder' AIRFLOW_CTX_EXECUTION_DATE='2023-11-30T21:10:00+00:00' AIRFLOW_CTX_TRY_NUMBER='1' AIRFLOW_CTX_DAG_RUN_ID='scheduled__2023-11-30T21:10:00+00:00'
[2023-12-04T11:05:25.979+0000] {subprocess.py:63} INFO - Tmp dir root location: /tmp
[2023-12-04T11:05:25.979+0000] {subprocess.py:75} INFO - Running command: ['/bin/bash', '-c', 'mkdir -p ~/.kaggle && pwd && ls']
[2023-12-04T11:05:25.988+0000] {subprocess.py:86} INFO - Output:
[2023-12-04T11:05:25.991+0000] {subprocess.py:93} INFO - /tmp/***tmp5glcwgp4
[2023-12-04T11:05:25.994+0000] {subprocess.py:97} INFO - Command exited with return code 0
[2023-12-04T11:05:26.012+0000] {taskinstance.py:1398} INFO - Marking task as SUCCESS. dag_id=Georgy, task_id=creating_folder, execution_date=20231130T211000, start_date=20231204T110525, end_date=20231204T110526
[2023-12-04T11:05:26.065+0000] {local_task_job_runner.py:228} INFO - Task exited with return code 0
[2023-12-04T11:05:26.086+0000] {taskinstance.py:2776} INFO - 1 downstream tasks scheduled from follow-on schedule check
